{"/home/runner/work/smite-ql-api/smite-ql-api/src/server.js": {"path":"/home/runner/work/smite-ql-api/smite-ql-api/src/server.js","statementMap":{"0":{"start":{"line":3,"column":26},"end":{"line":7,"column":1}},"1":{"start":{"line":4,"column":2},"end":{"line":4,"column":34}},"2":{"start":{"line":5,"column":2},"end":{"line":5,"column":37}},"3":{"start":{"line":6,"column":2},"end":{"line":6,"column":24}}},"fnMap":{"0":{"name":"(anonymous_0)","decl":{"start":{"line":3,"column":26},"end":{"line":3,"column":27}},"loc":{"start":{"line":3,"column":38},"end":{"line":7,"column":1}},"line":3}},"branchMap":{},"s":{"0":1,"1":1,"2":1,"3":1},"f":{"0":1},"b":{},"_coverageSchema":"1a1c01bbd47fc00a2c39e90264f33305004495a9","hash":"dbf4806807ad9be062d864e3f0d73f3d9a26573d"}
,"/home/runner/work/smite-ql-api/smite-ql-api/src/clients/BaseSmiteClient.js": {"path":"/home/runner/work/smite-ql-api/smite-ql-api/src/clients/BaseSmiteClient.js","statementMap":{"0":{"start":{"line":10,"column":32},"end":{"line":10,"column":41}},"1":{"start":{"line":11,"column":33},"end":{"line":11,"column":36}},"2":{"start":{"line":13,"column":29},"end":{"line":13,"column":32}},"3":{"start":{"line":17,"column":4},"end":{"line":17,"column":21}},"4":{"start":{"line":18,"column":4},"end":{"line":18,"column":27}},"5":{"start":{"line":19,"column":4},"end":{"line":19,"column":25}},"6":{"start":{"line":20,"column":4},"end":{"line":20,"column":29}},"7":{"start":{"line":29,"column":19},"end":{"line":29,"column":21}},"8":{"start":{"line":31,"column":4},"end":{"line":33,"column":5}},"9":{"start":{"line":32,"column":6},"end":{"line":32,"column":84}},"10":{"start":{"line":35,"column":4},"end":{"line":37,"column":5}},"11":{"start":{"line":36,"column":6},"end":{"line":36,"column":86}},"12":{"start":{"line":39,"column":4},"end":{"line":41,"column":5}},"13":{"start":{"line":40,"column":6},"end":{"line":40,"column":40}},"14":{"start":{"line":54,"column":20},"end":{"line":54,"column":64}},"15":{"start":{"line":55,"column":14},"end":{"line":55,"column":88}},"16":{"start":{"line":57,"column":4},"end":{"line":59,"column":7}},"17":{"start":{"line":58,"column":6},"end":{"line":58,"column":23}},"18":{"start":{"line":61,"column":4},"end":{"line":61,"column":15}},"19":{"start":{"line":77,"column":22},"end":{"line":77,"column":58}},"20":{"start":{"line":78,"column":4},"end":{"line":78,"column":21}},"21":{"start":{"line":87,"column":22},"end":{"line":87,"column":47}},"22":{"start":{"line":88,"column":17},"end":{"line":88,"column":65}},"23":{"start":{"line":89,"column":24},"end":{"line":89,"column":41}},"24":{"start":{"line":90,"column":22},"end":{"line":90,"column":38}},"25":{"start":{"line":91,"column":4},"end":{"line":91,"column":21}},"26":{"start":{"line":101,"column":25},"end":{"line":101,"column":52}},"27":{"start":{"line":102,"column":22},"end":{"line":102,"column":59}},"28":{"start":{"line":103,"column":22},"end":{"line":103,"column":47}},"29":{"start":{"line":104,"column":16},"end":{"line":104,"column":71}},"30":{"start":{"line":105,"column":4},"end":{"line":105,"column":15}},"31":{"start":{"line":115,"column":4},"end":{"line":117,"column":5}},"32":{"start":{"line":116,"column":6},"end":{"line":116,"column":33}},"33":{"start":{"line":119,"column":16},"end":{"line":119,"column":55}},"34":{"start":{"line":120,"column":17},"end":{"line":120,"column":48}},"35":{"start":{"line":121,"column":4},"end":{"line":121,"column":16}},"36":{"start":{"line":130,"column":21},"end":{"line":130,"column":56}},"37":{"start":{"line":131,"column":21},"end":{"line":131,"column":29}},"38":{"start":{"line":135,"column":4},"end":{"line":137,"column":5}},"39":{"start":{"line":136,"column":6},"end":{"line":136,"column":40}},"40":{"start":{"line":139,"column":4},"end":{"line":139,"column":16}},"41":{"start":{"line":148,"column":16},"end":{"line":148,"column":67}},"42":{"start":{"line":149,"column":4},"end":{"line":149,"column":43}},"43":{"start":{"line":153,"column":21},"end":{"line":153,"column":75}},"44":{"start":{"line":154,"column":4},"end":{"line":154,"column":20}},"45":{"start":{"line":163,"column":21},"end":{"line":163,"column":88}},"46":{"start":{"line":164,"column":4},"end":{"line":164,"column":20}},"47":{"start":{"line":173,"column":21},"end":{"line":173,"column":92}},"48":{"start":{"line":174,"column":4},"end":{"line":174,"column":20}},"49":{"start":{"line":183,"column":21},"end":{"line":183,"column":85}},"50":{"start":{"line":184,"column":4},"end":{"line":184,"column":20}},"51":{"start":{"line":193,"column":4},"end":{"line":193,"column":31}},"52":{"start":{"line":195,"column":4},"end":{"line":199,"column":5}},"53":{"start":{"line":196,"column":6},"end":{"line":196,"column":60}},"54":{"start":{"line":198,"column":6},"end":{"line":198,"column":46}},"55":{"start":{"line":203,"column":15},"end":{"line":203,"column":36}}},"fnMap":{"0":{"name":"(anonymous_0)","decl":{"start":{"line":16,"column":2},"end":{"line":16,"column":3}},"loc":{"start":{"line":16,"column":36},"end":{"line":21,"column":3}},"line":16},"1":{"name":"(anonymous_1)","decl":{"start":{"line":28,"column":2},"end":{"line":28,"column":3}},"loc":{"start":{"line":28,"column":24},"end":{"line":42,"column":3}},"line":28},"2":{"name":"(anonymous_2)","decl":{"start":{"line":53,"column":2},"end":{"line":53,"column":3}},"loc":{"start":{"line":53,"column":53},"end":{"line":62,"column":3}},"line":53},"3":{"name":"(anonymous_3)","decl":{"start":{"line":57,"column":25},"end":{"line":57,"column":26}},"loc":{"start":{"line":57,"column":34},"end":{"line":59,"column":5}},"line":57},"4":{"name":"(anonymous_4)","decl":{"start":{"line":76,"column":2},"end":{"line":76,"column":3}},"loc":{"start":{"line":76,"column":23},"end":{"line":79,"column":3}},"line":76},"5":{"name":"(anonymous_5)","decl":{"start":{"line":86,"column":2},"end":{"line":86,"column":3}},"loc":{"start":{"line":86,"column":29},"end":{"line":92,"column":3}},"line":86},"6":{"name":"(anonymous_6)","decl":{"start":{"line":100,"column":2},"end":{"line":100,"column":3}},"loc":{"start":{"line":100,"column":37},"end":{"line":106,"column":3}},"line":100},"7":{"name":"(anonymous_7)","decl":{"start":{"line":114,"column":2},"end":{"line":114,"column":3}},"loc":{"start":{"line":114,"column":41},"end":{"line":122,"column":3}},"line":114},"8":{"name":"(anonymous_8)","decl":{"start":{"line":129,"column":2},"end":{"line":129,"column":3}},"loc":{"start":{"line":129,"column":29},"end":{"line":140,"column":3}},"line":129},"9":{"name":"(anonymous_9)","decl":{"start":{"line":147,"column":2},"end":{"line":147,"column":3}},"loc":{"start":{"line":147,"column":24},"end":{"line":150,"column":3}},"line":147},"10":{"name":"(anonymous_10)","decl":{"start":{"line":152,"column":2},"end":{"line":152,"column":3}},"loc":{"start":{"line":152,"column":22},"end":{"line":155,"column":3}},"line":152},"11":{"name":"(anonymous_11)","decl":{"start":{"line":162,"column":2},"end":{"line":162,"column":3}},"loc":{"start":{"line":162,"column":33},"end":{"line":165,"column":3}},"line":162},"12":{"name":"(anonymous_12)","decl":{"start":{"line":172,"column":2},"end":{"line":172,"column":3}},"loc":{"start":{"line":172,"column":37},"end":{"line":175,"column":3}},"line":172},"13":{"name":"(anonymous_13)","decl":{"start":{"line":182,"column":2},"end":{"line":182,"column":3}},"loc":{"start":{"line":182,"column":31},"end":{"line":185,"column":3}},"line":182},"14":{"name":"(anonymous_14)","decl":{"start":{"line":192,"column":2},"end":{"line":192,"column":3}},"loc":{"start":{"line":192,"column":22},"end":{"line":200,"column":3}},"line":192}},"branchMap":{"0":{"loc":{"start":{"line":16,"column":14},"end":{"line":16,"column":34}},"type":"default-arg","locations":[{"start":{"line":16,"column":21},"end":{"line":16,"column":34}}],"line":16},"1":{"loc":{"start":{"line":31,"column":4},"end":{"line":33,"column":5}},"type":"if","locations":[{"start":{"line":31,"column":4},"end":{"line":33,"column":5}},{"start":{},"end":{}}],"line":31},"2":{"loc":{"start":{"line":35,"column":4},"end":{"line":37,"column":5}},"type":"if","locations":[{"start":{"line":35,"column":4},"end":{"line":37,"column":5}},{"start":{},"end":{}}],"line":35},"3":{"loc":{"start":{"line":39,"column":4},"end":{"line":41,"column":5}},"type":"if","locations":[{"start":{"line":39,"column":4},"end":{"line":41,"column":5}},{"start":{},"end":{}}],"line":39},"4":{"loc":{"start":{"line":54,"column":20},"end":{"line":54,"column":64}},"type":"cond-expr","locations":[{"start":{"line":54,"column":38},"end":{"line":54,"column":59}},{"start":{"line":54,"column":62},"end":{"line":54,"column":64}}],"line":54},"5":{"loc":{"start":{"line":115,"column":4},"end":{"line":117,"column":5}},"type":"if","locations":[{"start":{"line":115,"column":4},"end":{"line":117,"column":5}},{"start":{},"end":{}}],"line":115},"6":{"loc":{"start":{"line":135,"column":4},"end":{"line":137,"column":5}},"type":"if","locations":[{"start":{"line":135,"column":4},"end":{"line":137,"column":5}},{"start":{},"end":{}}],"line":135}},"s":{"0":4,"1":4,"2":4,"3":6,"4":6,"5":6,"6":6,"7":8,"8":8,"9":2,"10":8,"11":2,"12":8,"13":3,"14":19,"15":19,"16":19,"17":8,"18":19,"19":33,"20":33,"21":16,"22":16,"23":16,"24":16,"25":16,"26":16,"27":16,"28":16,"29":16,"30":16,"31":11,"32":4,"33":11,"34":11,"35":10,"36":16,"37":15,"38":15,"39":4,"40":15,"41":5,"42":5,"43":1,"44":1,"45":2,"46":1,"47":2,"48":2,"49":2,"50":2,"51":4,"52":4,"53":4,"54":0,"55":4},"f":{"0":6,"1":8,"2":19,"3":8,"4":33,"5":16,"6":16,"7":11,"8":16,"9":5,"10":1,"11":2,"12":2,"13":2,"14":4},"b":{"0":[6],"1":[2,6],"2":[2,6],"3":[3,5],"4":[12,7],"5":[4,7],"6":[4,11]},"_coverageSchema":"1a1c01bbd47fc00a2c39e90264f33305004495a9","hash":"ad29d329197c4448d9d650a4b3827e979c65237a"}
,"/home/runner/work/smite-ql-api/smite-ql-api/src/clients/RedisClient.js": {"path":"/home/runner/work/smite-ql-api/smite-ql-api/src/clients/RedisClient.js","statementMap":{"0":{"start":{"line":3,"column":16},"end":{"line":5,"column":1}},"1":{"start":{"line":4,"column":2},"end":{"line":4,"column":46}},"2":{"start":{"line":7,"column":15},"end":{"line":7,"column":29}},"3":{"start":{"line":8,"column":0},"end":{"line":8,"column":28}},"4":{"start":{"line":10,"column":0},"end":{"line":12,"column":5}},"5":{"start":{"line":11,"column":2},"end":{"line":11,"column":25}}},"fnMap":{"0":{"name":"(anonymous_0)","decl":{"start":{"line":3,"column":16},"end":{"line":3,"column":17}},"loc":{"start":{"line":3,"column":25},"end":{"line":5,"column":1}},"line":3},"1":{"name":"(anonymous_1)","decl":{"start":{"line":10,"column":1},"end":{"line":10,"column":2}},"loc":{"start":{"line":10,"column":13},"end":{"line":12,"column":1}},"line":10}},"branchMap":{},"s":{"0":3,"1":1,"2":3,"3":3,"4":3,"5":3},"f":{"0":1,"1":3},"b":{},"_coverageSchema":"1a1c01bbd47fc00a2c39e90264f33305004495a9","hash":"2d825101b59aa9dac648fcb3938ee8b52ac9a3ed"}
,"/home/runner/work/smite-ql-api/smite-ql-api/src/clients/SmiteApiClient.js": {"path":"/home/runner/work/smite-ql-api/smite-ql-api/src/clients/SmiteApiClient.js","statementMap":{"0":{"start":{"line":9,"column":28},"end":{"line":9,"column":37}},"1":{"start":{"line":10,"column":69},"end":{"line":10,"column":74}},"2":{"start":{"line":11,"column":32},"end":{"line":11,"column":40}},"3":{"start":{"line":15,"column":4},"end":{"line":15,"column":12}},"4":{"start":{"line":16,"column":4},"end":{"line":16,"column":35}},"5":{"start":{"line":17,"column":4},"end":{"line":17,"column":25}},"6":{"start":{"line":25,"column":4},"end":{"line":27,"column":5}},"7":{"start":{"line":26,"column":6},"end":{"line":26,"column":94}},"8":{"start":{"line":36,"column":21},"end":{"line":36,"column":66}},"9":{"start":{"line":37,"column":4},"end":{"line":37,"column":22}},"10":{"start":{"line":46,"column":17},"end":{"line":46,"column":65}},"11":{"start":{"line":47,"column":4},"end":{"line":47,"column":16}},"12":{"start":{"line":57,"column":19},"end":{"line":57,"column":69}},"13":{"start":{"line":58,"column":4},"end":{"line":58,"column":18}},"14":{"start":{"line":67,"column":4},"end":{"line":67,"column":24}},"15":{"start":{"line":69,"column":17},"end":{"line":69,"column":53}},"16":{"start":{"line":70,"column":4},"end":{"line":70,"column":85}},"17":{"start":{"line":72,"column":4},"end":{"line":72,"column":16}},"18":{"start":{"line":81,"column":4},"end":{"line":81,"column":24}},"19":{"start":{"line":83,"column":29},"end":{"line":83,"column":76}},"20":{"start":{"line":85,"column":4},"end":{"line":87,"column":5}},"21":{"start":{"line":86,"column":6},"end":{"line":86,"column":40}},"22":{"start":{"line":89,"column":26},"end":{"line":89,"column":70}},"23":{"start":{"line":90,"column":25},"end":{"line":90,"column":65}},"24":{"start":{"line":92,"column":42},"end":{"line":92,"column":98}},"25":{"start":{"line":94,"column":4},"end":{"line":97,"column":5}},"26":{"start":{"line":95,"column":6},"end":{"line":95,"column":71}},"27":{"start":{"line":96,"column":6},"end":{"line":96,"column":71}},"28":{"start":{"line":99,"column":4},"end":{"line":102,"column":6}},"29":{"start":{"line":111,"column":4},"end":{"line":111,"column":24}},"30":{"start":{"line":113,"column":26},"end":{"line":113,"column":60}},"31":{"start":{"line":114,"column":16},"end":{"line":114,"column":61}},"32":{"start":{"line":116,"column":17},"end":{"line":121,"column":5}},"33":{"start":{"line":123,"column":4},"end":{"line":123,"column":55}},"34":{"start":{"line":125,"column":4},"end":{"line":125,"column":16}},"35":{"start":{"line":133,"column":4},"end":{"line":133,"column":24}},"36":{"start":{"line":135,"column":26},"end":{"line":135,"column":50}},"37":{"start":{"line":138,"column":4},"end":{"line":140,"column":5}},"38":{"start":{"line":139,"column":6},"end":{"line":139,"column":13}},"39":{"start":{"line":142,"column":25},"end":{"line":163,"column":5}},"40":{"start":{"line":165,"column":4},"end":{"line":165,"column":40}},"41":{"start":{"line":169,"column":15},"end":{"line":169,"column":35}}},"fnMap":{"0":{"name":"(anonymous_0)","decl":{"start":{"line":14,"column":2},"end":{"line":14,"column":3}},"loc":{"start":{"line":14,"column":16},"end":{"line":18,"column":3}},"line":14},"1":{"name":"(anonymous_1)","decl":{"start":{"line":24,"column":2},"end":{"line":24,"column":3}},"loc":{"start":{"line":24,"column":17},"end":{"line":28,"column":3}},"line":24},"2":{"name":"(anonymous_2)","decl":{"start":{"line":35,"column":2},"end":{"line":35,"column":3}},"loc":{"start":{"line":35,"column":22},"end":{"line":38,"column":3}},"line":35},"3":{"name":"(anonymous_3)","decl":{"start":{"line":45,"column":2},"end":{"line":45,"column":3}},"loc":{"start":{"line":45,"column":19},"end":{"line":48,"column":3}},"line":45},"4":{"name":"(anonymous_4)","decl":{"start":{"line":56,"column":2},"end":{"line":56,"column":3}},"loc":{"start":{"line":56,"column":25},"end":{"line":59,"column":3}},"line":56},"5":{"name":"(anonymous_5)","decl":{"start":{"line":66,"column":2},"end":{"line":66,"column":3}},"loc":{"start":{"line":66,"column":33},"end":{"line":73,"column":3}},"line":66},"6":{"name":"(anonymous_6)","decl":{"start":{"line":80,"column":2},"end":{"line":80,"column":3}},"loc":{"start":{"line":80,"column":37},"end":{"line":103,"column":3}},"line":80},"7":{"name":"(anonymous_7)","decl":{"start":{"line":110,"column":2},"end":{"line":110,"column":3}},"loc":{"start":{"line":110,"column":31},"end":{"line":126,"column":3}},"line":110},"8":{"name":"(anonymous_8)","decl":{"start":{"line":132,"column":2},"end":{"line":132,"column":3}},"loc":{"start":{"line":132,"column":16},"end":{"line":166,"column":3}},"line":132}},"branchMap":{"0":{"loc":{"start":{"line":25,"column":4},"end":{"line":27,"column":5}},"type":"if","locations":[{"start":{"line":25,"column":4},"end":{"line":27,"column":5}},{"start":{},"end":{}}],"line":25},"1":{"loc":{"start":{"line":85,"column":4},"end":{"line":87,"column":5}},"type":"if","locations":[{"start":{"line":85,"column":4},"end":{"line":87,"column":5}},{"start":{},"end":{}}],"line":85},"2":{"loc":{"start":{"line":94,"column":4},"end":{"line":97,"column":5}},"type":"if","locations":[{"start":{"line":94,"column":4},"end":{"line":97,"column":5}},{"start":{},"end":{}}],"line":94},"3":{"loc":{"start":{"line":138,"column":4},"end":{"line":140,"column":5}},"type":"if","locations":[{"start":{"line":138,"column":4},"end":{"line":140,"column":5}},{"start":{},"end":{}}],"line":138}},"s":{"0":2,"1":2,"2":2,"3":2,"4":2,"5":2,"6":2,"7":1,"8":0,"9":0,"10":0,"11":0,"12":3,"13":3,"14":0,"15":0,"16":0,"17":0,"18":0,"19":0,"20":0,"21":0,"22":0,"23":0,"24":0,"25":0,"26":0,"27":0,"28":0,"29":0,"30":0,"31":0,"32":0,"33":0,"34":0,"35":0,"36":0,"37":0,"38":0,"39":0,"40":0,"41":2},"f":{"0":2,"1":2,"2":0,"3":0,"4":3,"5":0,"6":0,"7":0,"8":0},"b":{"0":[1,1],"1":[0,0],"2":[0,0],"3":[0,0]},"_coverageSchema":"1a1c01bbd47fc00a2c39e90264f33305004495a9","hash":"3c4e03286cf4102eb0c10e6c858c9da1e2e170f9"}
,"/home/runner/work/smite-ql-api/smite-ql-api/src/constants/constants.js": {"path":"/home/runner/work/smite-ql-api/smite-ql-api/src/constants/constants.js","statementMap":{"0":{"start":{"line":1,"column":29},"end":{"line":1,"column":40}},"1":{"start":{"line":3,"column":19},"end":{"line":10,"column":1}},"2":{"start":{"line":12,"column":23},"end":{"line":25,"column":1}},"3":{"start":{"line":27,"column":21},"end":{"line":38,"column":1}},"4":{"start":{"line":40,"column":21},"end":{"line":48,"column":1}},"5":{"start":{"line":50,"column":24},"end":{"line":53,"column":1}}},"fnMap":{},"branchMap":{},"s":{"0":5,"1":5,"2":5,"3":5,"4":5,"5":5},"f":{},"b":{},"_coverageSchema":"1a1c01bbd47fc00a2c39e90264f33305004495a9","hash":"85170e96c17ac75db450e8dc3b7ff28b641cb235"}
,"/home/runner/work/smite-ql-api/smite-ql-api/src/constants/index.js": {"path":"/home/runner/work/smite-ql-api/smite-ql-api/src/constants/index.js","statementMap":{},"fnMap":{},"branchMap":{},"s":{},"f":{},"b":{},"_coverageSchema":"1a1c01bbd47fc00a2c39e90264f33305004495a9","hash":"189148e205e59045c03c53f1238381f9b7c5b35e"}
,"/home/runner/work/smite-ql-api/smite-ql-api/src/helpers/index.js": {"path":"/home/runner/work/smite-ql-api/smite-ql-api/src/helpers/index.js","statementMap":{},"fnMap":{},"branchMap":{},"s":{},"f":{},"b":{},"_coverageSchema":"1a1c01bbd47fc00a2c39e90264f33305004495a9","hash":"177eb93aea18e8f3e6b5fe38f0716dfcf665d762"}
,"/home/runner/work/smite-ql-api/smite-ql-api/src/helpers/parsers.js": {"path":"/home/runner/work/smite-ql-api/smite-ql-api/src/helpers/parsers.js","statementMap":{"0":{"start":{"line":8,"column":31},"end":{"line":11,"column":1}},"1":{"start":{"line":9,"column":15},"end":{"line":9,"column":53}},"2":{"start":{"line":10,"column":2},"end":{"line":10,"column":14}},"3":{"start":{"line":18,"column":27},"end":{"line":21,"column":1}},"4":{"start":{"line":19,"column":23},"end":{"line":19,"column":52}},"5":{"start":{"line":20,"column":2},"end":{"line":20,"column":22}}},"fnMap":{"0":{"name":"(anonymous_0)","decl":{"start":{"line":8,"column":31},"end":{"line":8,"column":32}},"loc":{"start":{"line":8,"column":47},"end":{"line":11,"column":1}},"line":8},"1":{"name":"(anonymous_1)","decl":{"start":{"line":18,"column":27},"end":{"line":18,"column":28}},"loc":{"start":{"line":18,"column":39},"end":{"line":21,"column":1}},"line":18}},"branchMap":{},"s":{"0":6,"1":12,"2":12,"3":6,"4":17,"5":17},"f":{"0":12,"1":17},"b":{},"_coverageSchema":"1a1c01bbd47fc00a2c39e90264f33305004495a9","hash":"f666957fa355ac4334ad496823799fa539c6aeff"}
,"/home/runner/work/smite-ql-api/smite-ql-api/src/helpers/processors.js": {"path":"/home/runner/work/smite-ql-api/smite-ql-api/src/helpers/processors.js","statementMap":{"0":{"start":{"line":11,"column":35},"end":{"line":36,"column":1}},"1":{"start":{"line":12,"column":27},"end":{"line":12,"column":53}},"2":{"start":{"line":13,"column":16},"end":{"line":13,"column":21}},"3":{"start":{"line":15,"column":2},"end":{"line":26,"column":3}},"4":{"start":{"line":16,"column":31},"end":{"line":16,"column":36}},"5":{"start":{"line":17,"column":4},"end":{"line":25,"column":5}},"6":{"start":{"line":18,"column":6},"end":{"line":18,"column":21}},"7":{"start":{"line":19,"column":6},"end":{"line":19,"column":43}},"8":{"start":{"line":20,"column":6},"end":{"line":20,"column":69}},"9":{"start":{"line":24,"column":6},"end":{"line":24,"column":12}},"10":{"start":{"line":32,"column":2},"end":{"line":35,"column":4}}},"fnMap":{"0":{"name":"(anonymous_0)","decl":{"start":{"line":11,"column":35},"end":{"line":11,"column":36}},"loc":{"start":{"line":11,"column":68},"end":{"line":36,"column":1}},"line":11}},"branchMap":{"0":{"loc":{"start":{"line":17,"column":4},"end":{"line":25,"column":5}},"type":"if","locations":[{"start":{"line":17,"column":4},"end":{"line":25,"column":5}},{"start":{"line":21,"column":11},"end":{"line":25,"column":5}}],"line":17}},"s":{"0":4,"1":0,"2":0,"3":0,"4":0,"5":0,"6":0,"7":0,"8":0,"9":0,"10":0},"f":{"0":0},"b":{"0":[0,0]},"_coverageSchema":"1a1c01bbd47fc00a2c39e90264f33305004495a9","hash":"06c74c3ac104bd9c221354b44ad8b8f760c68ef5"}
,"/home/runner/work/smite-ql-api/smite-ql-api/src/helpers/transformers.js": {"path":"/home/runner/work/smite-ql-api/smite-ql-api/src/helpers/transformers.js","statementMap":{"0":{"start":{"line":8,"column":16},"end":{"line":8,"column":25}},"1":{"start":{"line":9,"column":24},"end":{"line":9,"column":27}},"2":{"start":{"line":16,"column":34},"end":{"line":20,"column":1}},"3":{"start":{"line":17,"column":24},"end":{"line":17,"column":38}},"4":{"start":{"line":18,"column":18},"end":{"line":18,"column":59}},"5":{"start":{"line":19,"column":2},"end":{"line":19,"column":17}},"6":{"start":{"line":27,"column":35},"end":{"line":34,"column":1}},"7":{"start":{"line":28,"column":21},"end":{"line":31,"column":3}},"8":{"start":{"line":33,"column":2},"end":{"line":33,"column":20}},"9":{"start":{"line":41,"column":37},"end":{"line":82,"column":1}},"10":{"start":{"line":43,"column":16},"end":{"line":43,"column":18}},"11":{"start":{"line":45,"column":20},"end":{"line":45,"column":22}},"12":{"start":{"line":47,"column":22},"end":{"line":47,"column":24}},"13":{"start":{"line":49,"column":2},"end":{"line":51,"column":5}},"14":{"start":{"line":50,"column":4},"end":{"line":50,"column":31}},"15":{"start":{"line":53,"column":2},"end":{"line":68,"column":5}},"16":{"start":{"line":54,"column":29},"end":{"line":54,"column":65}},"17":{"start":{"line":55,"column":15},"end":{"line":55,"column":49}},"18":{"start":{"line":60,"column":4},"end":{"line":63,"column":5}},"19":{"start":{"line":61,"column":6},"end":{"line":61,"column":30}},"20":{"start":{"line":62,"column":6},"end":{"line":62,"column":41}},"21":{"start":{"line":65,"column":4},"end":{"line":65,"column":50}},"22":{"start":{"line":66,"column":4},"end":{"line":66,"column":48}},"23":{"start":{"line":67,"column":4},"end":{"line":67,"column":39}},"24":{"start":{"line":71,"column":2},"end":{"line":75,"column":5}},"25":{"start":{"line":72,"column":4},"end":{"line":74,"column":5}},"26":{"start":{"line":73,"column":6},"end":{"line":73,"column":25}},"27":{"start":{"line":77,"column":2},"end":{"line":81,"column":4}},"28":{"start":{"line":89,"column":37},"end":{"line":103,"column":1}},"29":{"start":{"line":90,"column":18},"end":{"line":90,"column":20}},"30":{"start":{"line":91,"column":18},"end":{"line":91,"column":20}},"31":{"start":{"line":93,"column":2},"end":{"line":97,"column":5}},"32":{"start":{"line":94,"column":31},"end":{"line":94,"column":36}},"33":{"start":{"line":95,"column":4},"end":{"line":95,"column":24}},"34":{"start":{"line":96,"column":4},"end":{"line":96,"column":50}},"35":{"start":{"line":99,"column":2},"end":{"line":102,"column":4}}},"fnMap":{"0":{"name":"(anonymous_0)","decl":{"start":{"line":16,"column":34},"end":{"line":16,"column":35}},"loc":{"start":{"line":16,"column":44},"end":{"line":20,"column":1}},"line":16},"1":{"name":"(anonymous_1)","decl":{"start":{"line":27,"column":35},"end":{"line":27,"column":36}},"loc":{"start":{"line":27,"column":46},"end":{"line":34,"column":1}},"line":27},"2":{"name":"(anonymous_2)","decl":{"start":{"line":41,"column":37},"end":{"line":41,"column":38}},"loc":{"start":{"line":41,"column":55},"end":{"line":82,"column":1}},"line":41},"3":{"name":"(anonymous_3)","decl":{"start":{"line":49,"column":26},"end":{"line":49,"column":27}},"loc":{"start":{"line":49,"column":38},"end":{"line":51,"column":3}},"line":49},"4":{"name":"(anonymous_4)","decl":{"start":{"line":53,"column":26},"end":{"line":53,"column":27}},"loc":{"start":{"line":53,"column":45},"end":{"line":68,"column":3}},"line":53},"5":{"name":"(anonymous_5)","decl":{"start":{"line":71,"column":27},"end":{"line":71,"column":28}},"loc":{"start":{"line":71,"column":37},"end":{"line":75,"column":3}},"line":71},"6":{"name":"(anonymous_6)","decl":{"start":{"line":89,"column":37},"end":{"line":89,"column":38}},"loc":{"start":{"line":89,"column":55},"end":{"line":103,"column":1}},"line":89},"7":{"name":"(anonymous_7)","decl":{"start":{"line":93,"column":26},"end":{"line":93,"column":27}},"loc":{"start":{"line":93,"column":37},"end":{"line":97,"column":3}},"line":93}},"branchMap":{"0":{"loc":{"start":{"line":60,"column":4},"end":{"line":63,"column":5}},"type":"if","locations":[{"start":{"line":60,"column":4},"end":{"line":63,"column":5}},{"start":{},"end":{}}],"line":60},"1":{"loc":{"start":{"line":72,"column":4},"end":{"line":74,"column":5}},"type":"if","locations":[{"start":{"line":72,"column":4},"end":{"line":74,"column":5}},{"start":{},"end":{}}],"line":72}},"s":{"0":5,"1":5,"2":5,"3":52,"4":52,"5":52,"6":5,"7":51,"8":51,"9":5,"10":1,"11":1,"12":1,"13":1,"14":10,"15":1,"16":10,"17":10,"18":10,"19":1,"20":1,"21":10,"22":10,"23":10,"24":1,"25":8,"26":7,"27":1,"28":5,"29":1,"30":1,"31":1,"32":50,"33":50,"34":50,"35":1},"f":{"0":52,"1":51,"2":1,"3":10,"4":10,"5":8,"6":1,"7":50},"b":{"0":[1,9],"1":[7,1]},"_coverageSchema":"1a1c01bbd47fc00a2c39e90264f33305004495a9","hash":"e6fbc121533e04561991a57e7282edc8ea11974d"}
,"/home/runner/work/smite-ql-api/smite-ql-api/src/sandbox/mocks/getMatchDetails.js": {"path":"/home/runner/work/smite-ql-api/smite-ql-api/src/sandbox/mocks/getMatchDetails.js","statementMap":{"0":{"start":{"line":7,"column":32},"end":{"line":1368,"column":1}}},"fnMap":{},"branchMap":{},"s":{"0":1},"f":{},"b":{},"_coverageSchema":"1a1c01bbd47fc00a2c39e90264f33305004495a9","hash":"4e9fd20bbbf3986fd768cb036d90e9e257f18eec"}
,"/home/runner/work/smite-ql-api/smite-ql-api/src/sandbox/mocks/getMatchHistory.js": {"path":"/home/runner/work/smite-ql-api/smite-ql-api/src/sandbox/mocks/getMatchHistory.js","statementMap":{"0":{"start":{"line":8,"column":32},"end":{"line":4409,"column":1}}},"fnMap":{},"branchMap":{},"s":{"0":1},"f":{},"b":{},"_coverageSchema":"1a1c01bbd47fc00a2c39e90264f33305004495a9","hash":"0c0f3bec39825491340f078c197fa4536575af66"}
,"/home/runner/work/smite-ql-api/smite-ql-api/src/sandbox/mocks/getPlayer.js": {"path":"/home/runner/work/smite-ql-api/smite-ql-api/src/sandbox/mocks/getPlayer.js","statementMap":{"0":{"start":{"line":5,"column":26},"end":{"line":155,"column":1}}},"fnMap":{},"branchMap":{},"s":{"0":1},"f":{},"b":{},"_coverageSchema":"1a1c01bbd47fc00a2c39e90264f33305004495a9","hash":"43ef51ec89ca58b1fb82d056daa66f0f5db36b00"}
,"/home/runner/work/smite-ql-api/smite-ql-api/src/sandbox/mocks/index.js": {"path":"/home/runner/work/smite-ql-api/smite-ql-api/src/sandbox/mocks/index.js","statementMap":{},"fnMap":{},"branchMap":{},"s":{},"f":{},"b":{},"_coverageSchema":"1a1c01bbd47fc00a2c39e90264f33305004495a9","hash":"b5f33fe9557a9d68ee8a0d13f9f8fefaecdd251f"}
}
