{"/home/runner/work/smite-ql-api/smite-ql-api/src/clients/Redis.js": {"path":"/home/runner/work/smite-ql-api/smite-ql-api/src/clients/Redis.js","statementMap":{"0":{"start":{"line":5,"column":18},"end":{"line":5,"column":27}},"1":{"start":{"line":6,"column":29},"end":{"line":6,"column":34}},"2":{"start":{"line":8,"column":12},"end":{"line":8,"column":44}},"3":{"start":{"line":10,"column":16},"end":{"line":12,"column":1}},"4":{"start":{"line":11,"column":2},"end":{"line":11,"column":46}},"5":{"start":{"line":14,"column":20},"end":{"line":14,"column":41}},"6":{"start":{"line":15,"column":0},"end":{"line":15,"column":33}},"7":{"start":{"line":17,"column":0},"end":{"line":20,"column":5}},"8":{"start":{"line":18,"column":2},"end":{"line":18,"column":30}},"9":{"start":{"line":19,"column":2},"end":{"line":19,"column":68}}},"fnMap":{"0":{"name":"(anonymous_0)","decl":{"start":{"line":10,"column":16},"end":{"line":10,"column":17}},"loc":{"start":{"line":10,"column":25},"end":{"line":12,"column":1}},"line":10},"1":{"name":"(anonymous_1)","decl":{"start":{"line":17,"column":1},"end":{"line":17,"column":2}},"loc":{"start":{"line":17,"column":13},"end":{"line":20,"column":1}},"line":17}},"branchMap":{},"s":{"0":3,"1":3,"2":3,"3":3,"4":1,"5":3,"6":3,"7":3,"8":3,"9":3},"f":{"0":1,"1":3},"b":{},"_coverageSchema":"1a1c01bbd47fc00a2c39e90264f33305004495a9","hash":"332efa2556bd0cd22b273364766f88144be92cde"}
,"/home/runner/work/smite-ql-api/smite-ql-api/src/clients/SmiteApi.js": {"path":"/home/runner/work/smite-ql-api/smite-ql-api/src/clients/SmiteApi.js","statementMap":{"0":{"start":{"line":18,"column":17},"end":{"line":22,"column":2}},"1":{"start":{"line":24,"column":40},"end":{"line":24,"column":49}},"2":{"start":{"line":25,"column":57},"end":{"line":25,"column":60}},"3":{"start":{"line":39,"column":4},"end":{"line":39,"column":27}},"4":{"start":{"line":40,"column":4},"end":{"line":40,"column":34}},"5":{"start":{"line":43,"column":4},"end":{"line":43,"column":29}},"6":{"start":{"line":44,"column":4},"end":{"line":44,"column":25}},"7":{"start":{"line":47,"column":4},"end":{"line":47,"column":21}},"8":{"start":{"line":48,"column":4},"end":{"line":48,"column":39}},"9":{"start":{"line":62,"column":19},"end":{"line":62,"column":21}},"10":{"start":{"line":64,"column":4},"end":{"line":66,"column":5}},"11":{"start":{"line":65,"column":6},"end":{"line":65,"column":84}},"12":{"start":{"line":68,"column":4},"end":{"line":70,"column":5}},"13":{"start":{"line":69,"column":6},"end":{"line":69,"column":86}},"14":{"start":{"line":72,"column":4},"end":{"line":74,"column":5}},"15":{"start":{"line":73,"column":6},"end":{"line":73,"column":40}},"16":{"start":{"line":83,"column":4},"end":{"line":85,"column":5}},"17":{"start":{"line":84,"column":6},"end":{"line":84,"column":18}},"18":{"start":{"line":87,"column":4},"end":{"line":87,"column":49}},"19":{"start":{"line":104,"column":4},"end":{"line":104,"column":31}},"20":{"start":{"line":106,"column":20},"end":{"line":106,"column":93}},"21":{"start":{"line":107,"column":14},"end":{"line":107,"column":109}},"22":{"start":{"line":109,"column":4},"end":{"line":111,"column":7}},"23":{"start":{"line":110,"column":6},"end":{"line":110,"column":23}},"24":{"start":{"line":113,"column":4},"end":{"line":113,"column":15}},"25":{"start":{"line":132,"column":22},"end":{"line":132,"column":66}},"26":{"start":{"line":133,"column":4},"end":{"line":133,"column":21}},"27":{"start":{"line":142,"column":22},"end":{"line":142,"column":47}},"28":{"start":{"line":143,"column":17},"end":{"line":143,"column":65}},"29":{"start":{"line":144,"column":24},"end":{"line":144,"column":41}},"30":{"start":{"line":145,"column":22},"end":{"line":145,"column":38}},"31":{"start":{"line":146,"column":4},"end":{"line":146,"column":21}},"32":{"start":{"line":156,"column":22},"end":{"line":156,"column":53}},"33":{"start":{"line":157,"column":22},"end":{"line":157,"column":47}},"34":{"start":{"line":158,"column":16},"end":{"line":158,"column":71}},"35":{"start":{"line":159,"column":4},"end":{"line":159,"column":15}},"36":{"start":{"line":169,"column":4},"end":{"line":173,"column":5}},"37":{"start":{"line":172,"column":6},"end":{"line":172,"column":33}},"38":{"start":{"line":175,"column":16},"end":{"line":175,"column":55}},"39":{"start":{"line":176,"column":17},"end":{"line":176,"column":48}},"40":{"start":{"line":177,"column":4},"end":{"line":177,"column":16}},"41":{"start":{"line":187,"column":15},"end":{"line":187,"column":19}},"42":{"start":{"line":189,"column":4},"end":{"line":202,"column":5}},"43":{"start":{"line":190,"column":23},"end":{"line":190,"column":61}},"44":{"start":{"line":191,"column":6},"end":{"line":191,"column":27}},"45":{"start":{"line":193,"column":21},"end":{"line":199,"column":18}},"46":{"start":{"line":201,"column":6},"end":{"line":201,"column":30}},"47":{"start":{"line":204,"column":4},"end":{"line":204,"column":16}},"48":{"start":{"line":217,"column":16},"end":{"line":217,"column":66}},"49":{"start":{"line":218,"column":21},"end":{"line":218,"column":52}},"50":{"start":{"line":219,"column":4},"end":{"line":219,"column":20}},"51":{"start":{"line":230,"column":16},"end":{"line":230,"column":62}},"52":{"start":{"line":231,"column":17},"end":{"line":231,"column":48}},"53":{"start":{"line":235,"column":4},"end":{"line":235,"column":46}},"54":{"start":{"line":236,"column":4},"end":{"line":236,"column":61}},"55":{"start":{"line":238,"column":4},"end":{"line":238,"column":16}},"56":{"start":{"line":249,"column":21},"end":{"line":249,"column":69}},"57":{"start":{"line":250,"column":4},"end":{"line":250,"column":20}},"58":{"start":{"line":260,"column":21},"end":{"line":260,"column":70}},"59":{"start":{"line":261,"column":4},"end":{"line":261,"column":20}},"60":{"start":{"line":273,"column":21},"end":{"line":273,"column":80}},"61":{"start":{"line":274,"column":4},"end":{"line":274,"column":20}},"62":{"start":{"line":285,"column":21},"end":{"line":285,"column":71}},"63":{"start":{"line":286,"column":4},"end":{"line":286,"column":20}},"64":{"start":{"line":301,"column":21},"end":{"line":301,"column":76}},"65":{"start":{"line":302,"column":4},"end":{"line":302,"column":20}},"66":{"start":{"line":314,"column":4},"end":{"line":314,"column":11}},"67":{"start":{"line":326,"column":21},"end":{"line":326,"column":77}},"68":{"start":{"line":327,"column":4},"end":{"line":327,"column":20}},"69":{"start":{"line":338,"column":21},"end":{"line":338,"column":70}},"70":{"start":{"line":339,"column":4},"end":{"line":339,"column":20}},"71":{"start":{"line":351,"column":4},"end":{"line":351,"column":11}},"72":{"start":{"line":361,"column":21},"end":{"line":361,"column":77}},"73":{"start":{"line":362,"column":4},"end":{"line":362,"column":20}},"74":{"start":{"line":379,"column":4},"end":{"line":379,"column":11}},"75":{"start":{"line":391,"column":4},"end":{"line":391,"column":11}},"76":{"start":{"line":408,"column":21},"end":{"line":408,"column":83}},"77":{"start":{"line":409,"column":4},"end":{"line":409,"column":20}},"78":{"start":{"line":421,"column":4},"end":{"line":421,"column":11}},"79":{"start":{"line":442,"column":4},"end":{"line":442,"column":11}},"80":{"start":{"line":453,"column":4},"end":{"line":453,"column":11}},"81":{"start":{"line":464,"column":4},"end":{"line":464,"column":11}},"82":{"start":{"line":480,"column":4},"end":{"line":480,"column":11}},"83":{"start":{"line":491,"column":4},"end":{"line":491,"column":11}},"84":{"start":{"line":507,"column":4},"end":{"line":507,"column":11}},"85":{"start":{"line":518,"column":4},"end":{"line":518,"column":11}},"86":{"start":{"line":529,"column":4},"end":{"line":529,"column":11}},"87":{"start":{"line":546,"column":4},"end":{"line":546,"column":11}},"88":{"start":{"line":558,"column":21},"end":{"line":558,"column":106}},"89":{"start":{"line":559,"column":4},"end":{"line":559,"column":20}},"90":{"start":{"line":572,"column":21},"end":{"line":572,"column":102}},"91":{"start":{"line":573,"column":4},"end":{"line":573,"column":20}},"92":{"start":{"line":583,"column":4},"end":{"line":583,"column":11}},"93":{"start":{"line":600,"column":21},"end":{"line":600,"column":52}},"94":{"start":{"line":602,"column":17},"end":{"line":602,"column":82}},"95":{"start":{"line":603,"column":21},"end":{"line":603,"column":86}},"96":{"start":{"line":604,"column":4},"end":{"line":604,"column":20}},"97":{"start":{"line":617,"column":21},"end":{"line":617,"column":87}},"98":{"start":{"line":618,"column":4},"end":{"line":618,"column":20}},"99":{"start":{"line":630,"column":4},"end":{"line":630,"column":11}},"100":{"start":{"line":644,"column":21},"end":{"line":644,"column":52}},"101":{"start":{"line":645,"column":21},"end":{"line":645,"column":103}},"102":{"start":{"line":647,"column":4},"end":{"line":647,"column":20}},"103":{"start":{"line":662,"column":4},"end":{"line":662,"column":11}},"104":{"start":{"line":673,"column":4},"end":{"line":673,"column":11}},"105":{"start":{"line":685,"column":4},"end":{"line":685,"column":11}},"106":{"start":{"line":689,"column":30},"end":{"line":689,"column":44}}},"fnMap":{"0":{"name":"(anonymous_0)","decl":{"start":{"line":31,"column":2},"end":{"line":31,"column":3}},"loc":{"start":{"line":37,"column":10},"end":{"line":49,"column":3}},"line":37},"1":{"name":"(anonymous_1)","decl":{"start":{"line":61,"column":2},"end":{"line":61,"column":3}},"loc":{"start":{"line":61,"column":24},"end":{"line":75,"column":3}},"line":61},"2":{"name":"(anonymous_2)","decl":{"start":{"line":82,"column":2},"end":{"line":82,"column":3}},"loc":{"start":{"line":82,"column":22},"end":{"line":88,"column":3}},"line":82},"3":{"name":"(anonymous_3)","decl":{"start":{"line":103,"column":2},"end":{"line":103,"column":3}},"loc":{"start":{"line":103,"column":53},"end":{"line":114,"column":3}},"line":103},"4":{"name":"(anonymous_4)","decl":{"start":{"line":109,"column":25},"end":{"line":109,"column":26}},"loc":{"start":{"line":109,"column":34},"end":{"line":111,"column":5}},"line":109},"5":{"name":"(anonymous_5)","decl":{"start":{"line":131,"column":2},"end":{"line":131,"column":3}},"loc":{"start":{"line":131,"column":23},"end":{"line":134,"column":3}},"line":131},"6":{"name":"(anonymous_6)","decl":{"start":{"line":141,"column":2},"end":{"line":141,"column":3}},"loc":{"start":{"line":141,"column":29},"end":{"line":147,"column":3}},"line":141},"7":{"name":"(anonymous_7)","decl":{"start":{"line":155,"column":2},"end":{"line":155,"column":3}},"loc":{"start":{"line":155,"column":37},"end":{"line":160,"column":3}},"line":155},"8":{"name":"(anonymous_8)","decl":{"start":{"line":168,"column":2},"end":{"line":168,"column":3}},"loc":{"start":{"line":168,"column":41},"end":{"line":178,"column":3}},"line":168},"9":{"name":"(anonymous_9)","decl":{"start":{"line":186,"column":2},"end":{"line":186,"column":3}},"loc":{"start":{"line":186,"column":29},"end":{"line":205,"column":3}},"line":186},"10":{"name":"(anonymous_10)","decl":{"start":{"line":216,"column":2},"end":{"line":216,"column":3}},"loc":{"start":{"line":216,"column":15},"end":{"line":220,"column":3}},"line":216},"11":{"name":"(anonymous_11)","decl":{"start":{"line":229,"column":2},"end":{"line":229,"column":3}},"loc":{"start":{"line":229,"column":24},"end":{"line":239,"column":3}},"line":229},"12":{"name":"(anonymous_12)","decl":{"start":{"line":248,"column":2},"end":{"line":248,"column":3}},"loc":{"start":{"line":248,"column":22},"end":{"line":251,"column":3}},"line":248},"13":{"name":"(anonymous_13)","decl":{"start":{"line":259,"column":2},"end":{"line":259,"column":3}},"loc":{"start":{"line":259,"column":22},"end":{"line":262,"column":3}},"line":259},"14":{"name":"(anonymous_14)","decl":{"start":{"line":272,"column":2},"end":{"line":272,"column":3}},"loc":{"start":{"line":272,"column":31},"end":{"line":275,"column":3}},"line":272},"15":{"name":"(anonymous_15)","decl":{"start":{"line":284,"column":2},"end":{"line":284,"column":3}},"loc":{"start":{"line":284,"column":23},"end":{"line":287,"column":3}},"line":284},"16":{"name":"(anonymous_16)","decl":{"start":{"line":300,"column":2},"end":{"line":300,"column":3}},"loc":{"start":{"line":300,"column":18},"end":{"line":303,"column":3}},"line":300},"17":{"name":"(anonymous_17)","decl":{"start":{"line":312,"column":2},"end":{"line":312,"column":3}},"loc":{"start":{"line":312,"column":28},"end":{"line":315,"column":3}},"line":312},"18":{"name":"(anonymous_18)","decl":{"start":{"line":325,"column":2},"end":{"line":325,"column":3}},"loc":{"start":{"line":325,"column":29},"end":{"line":328,"column":3}},"line":325},"19":{"name":"(anonymous_19)","decl":{"start":{"line":337,"column":2},"end":{"line":337,"column":3}},"loc":{"start":{"line":337,"column":22},"end":{"line":340,"column":3}},"line":337},"20":{"name":"(anonymous_20)","decl":{"start":{"line":349,"column":2},"end":{"line":349,"column":3}},"loc":{"start":{"line":349,"column":33},"end":{"line":352,"column":3}},"line":349},"21":{"name":"(anonymous_21)","decl":{"start":{"line":360,"column":2},"end":{"line":360,"column":3}},"loc":{"start":{"line":360,"column":19},"end":{"line":363,"column":3}},"line":360},"22":{"name":"(anonymous_22)","decl":{"start":{"line":377,"column":2},"end":{"line":377,"column":3}},"loc":{"start":{"line":377,"column":31},"end":{"line":380,"column":3}},"line":377},"23":{"name":"(anonymous_23)","decl":{"start":{"line":389,"column":2},"end":{"line":389,"column":3}},"loc":{"start":{"line":389,"column":27},"end":{"line":392,"column":3}},"line":389},"24":{"name":"(anonymous_24)","decl":{"start":{"line":407,"column":2},"end":{"line":407,"column":3}},"loc":{"start":{"line":407,"column":33},"end":{"line":410,"column":3}},"line":407},"25":{"name":"(anonymous_25)","decl":{"start":{"line":419,"column":2},"end":{"line":419,"column":3}},"loc":{"start":{"line":419,"column":31},"end":{"line":422,"column":3}},"line":419},"26":{"name":"(anonymous_26)","decl":{"start":{"line":440,"column":2},"end":{"line":440,"column":3}},"loc":{"start":{"line":440,"column":29},"end":{"line":443,"column":3}},"line":440},"27":{"name":"(anonymous_27)","decl":{"start":{"line":451,"column":2},"end":{"line":451,"column":3}},"loc":{"start":{"line":451,"column":32},"end":{"line":454,"column":3}},"line":451},"28":{"name":"(anonymous_28)","decl":{"start":{"line":462,"column":2},"end":{"line":462,"column":3}},"loc":{"start":{"line":462,"column":24},"end":{"line":465,"column":3}},"line":462},"29":{"name":"(anonymous_29)","decl":{"start":{"line":478,"column":2},"end":{"line":478,"column":3}},"loc":{"start":{"line":478,"column":37},"end":{"line":481,"column":3}},"line":478},"30":{"name":"(anonymous_30)","decl":{"start":{"line":489,"column":2},"end":{"line":489,"column":3}},"loc":{"start":{"line":489,"column":18},"end":{"line":492,"column":3}},"line":489},"31":{"name":"(anonymous_31)","decl":{"start":{"line":505,"column":2},"end":{"line":505,"column":3}},"loc":{"start":{"line":505,"column":21},"end":{"line":508,"column":3}},"line":505},"32":{"name":"(anonymous_32)","decl":{"start":{"line":516,"column":2},"end":{"line":516,"column":3}},"loc":{"start":{"line":516,"column":22},"end":{"line":519,"column":3}},"line":516},"33":{"name":"(anonymous_33)","decl":{"start":{"line":527,"column":2},"end":{"line":527,"column":3}},"loc":{"start":{"line":527,"column":32},"end":{"line":530,"column":3}},"line":527},"34":{"name":"(anonymous_34)","decl":{"start":{"line":544,"column":2},"end":{"line":544,"column":3}},"loc":{"start":{"line":544,"column":26},"end":{"line":547,"column":3}},"line":544},"35":{"name":"(anonymous_35)","decl":{"start":{"line":557,"column":2},"end":{"line":557,"column":3}},"loc":{"start":{"line":557,"column":34},"end":{"line":560,"column":3}},"line":557},"36":{"name":"(anonymous_36)","decl":{"start":{"line":571,"column":2},"end":{"line":571,"column":3}},"loc":{"start":{"line":571,"column":41},"end":{"line":574,"column":3}},"line":571},"37":{"name":"(anonymous_37)","decl":{"start":{"line":581,"column":2},"end":{"line":581,"column":3}},"loc":{"start":{"line":581,"column":24},"end":{"line":584,"column":3}},"line":581},"38":{"name":"(anonymous_38)","decl":{"start":{"line":599,"column":2},"end":{"line":599,"column":3}},"loc":{"start":{"line":599,"column":38},"end":{"line":605,"column":3}},"line":599},"39":{"name":"(anonymous_39)","decl":{"start":{"line":616,"column":2},"end":{"line":616,"column":3}},"loc":{"start":{"line":616,"column":36},"end":{"line":619,"column":3}},"line":616},"40":{"name":"(anonymous_40)","decl":{"start":{"line":628,"column":2},"end":{"line":628,"column":3}},"loc":{"start":{"line":628,"column":36},"end":{"line":631,"column":3}},"line":628},"41":{"name":"(anonymous_41)","decl":{"start":{"line":643,"column":2},"end":{"line":643,"column":3}},"loc":{"start":{"line":643,"column":51},"end":{"line":648,"column":3}},"line":643},"42":{"name":"(anonymous_42)","decl":{"start":{"line":660,"column":2},"end":{"line":660,"column":3}},"loc":{"start":{"line":660,"column":25},"end":{"line":663,"column":3}},"line":660},"43":{"name":"(anonymous_43)","decl":{"start":{"line":671,"column":2},"end":{"line":671,"column":3}},"loc":{"start":{"line":671,"column":25},"end":{"line":674,"column":3}},"line":671},"44":{"name":"(anonymous_44)","decl":{"start":{"line":683,"column":2},"end":{"line":683,"column":3}},"loc":{"start":{"line":683,"column":22},"end":{"line":686,"column":3}},"line":683}},"branchMap":{"0":{"loc":{"start":{"line":31,"column":14},"end":{"line":37,"column":8}},"type":"default-arg","locations":[{"start":{"line":37,"column":6},"end":{"line":37,"column":8}}],"line":31},"1":{"loc":{"start":{"line":33,"column":4},"end":{"line":33,"column":23}},"type":"default-arg","locations":[{"start":{"line":33,"column":15},"end":{"line":33,"column":23}}],"line":33},"2":{"loc":{"start":{"line":34,"column":4},"end":{"line":34,"column":19}},"type":"default-arg","locations":[{"start":{"line":34,"column":13},"end":{"line":34,"column":19}}],"line":34},"3":{"loc":{"start":{"line":35,"column":4},"end":{"line":35,"column":24}},"type":"default-arg","locations":[{"start":{"line":35,"column":11},"end":{"line":35,"column":24}}],"line":35},"4":{"loc":{"start":{"line":36,"column":4},"end":{"line":36,"column":24}},"type":"default-arg","locations":[{"start":{"line":36,"column":20},"end":{"line":36,"column":24}}],"line":36},"5":{"loc":{"start":{"line":64,"column":4},"end":{"line":66,"column":5}},"type":"if","locations":[{"start":{"line":64,"column":4},"end":{"line":66,"column":5}},{"start":{},"end":{}}],"line":64},"6":{"loc":{"start":{"line":68,"column":4},"end":{"line":70,"column":5}},"type":"if","locations":[{"start":{"line":68,"column":4},"end":{"line":70,"column":5}},{"start":{},"end":{}}],"line":68},"7":{"loc":{"start":{"line":72,"column":4},"end":{"line":74,"column":5}},"type":"if","locations":[{"start":{"line":72,"column":4},"end":{"line":74,"column":5}},{"start":{},"end":{}}],"line":72},"8":{"loc":{"start":{"line":83,"column":4},"end":{"line":85,"column":5}},"type":"if","locations":[{"start":{"line":83,"column":4},"end":{"line":85,"column":5}},{"start":{},"end":{}}],"line":83},"9":{"loc":{"start":{"line":106,"column":20},"end":{"line":106,"column":93}},"type":"cond-expr","locations":[{"start":{"line":106,"column":67},"end":{"line":106,"column":88}},{"start":{"line":106,"column":91},"end":{"line":106,"column":93}}],"line":106},"10":{"loc":{"start":{"line":106,"column":20},"end":{"line":106,"column":64}},"type":"binary-expr","locations":[{"start":{"line":106,"column":20},"end":{"line":106,"column":35}},{"start":{"line":106,"column":39},"end":{"line":106,"column":64}}],"line":106},"11":{"loc":{"start":{"line":169,"column":4},"end":{"line":173,"column":5}},"type":"if","locations":[{"start":{"line":169,"column":4},"end":{"line":173,"column":5}},{"start":{},"end":{}}],"line":169}},"s":{"0":4,"1":4,"2":4,"3":7,"4":7,"5":7,"6":7,"7":7,"8":7,"9":18,"10":18,"11":2,"12":18,"13":2,"14":18,"15":3,"16":18,"17":0,"18":18,"19":14,"20":14,"21":14,"22":14,"23":9,"24":14,"25":21,"26":21,"27":10,"28":10,"29":10,"30":10,"31":10,"32":10,"33":10,"34":10,"35":10,"36":9,"37":0,"38":9,"39":9,"40":8,"41":11,"42":11,"43":11,"44":10,"45":1,"46":1,"47":10,"48":1,"49":1,"50":1,"51":1,"52":1,"53":1,"54":1,"55":1,"56":1,"57":1,"58":1,"59":1,"60":0,"61":0,"62":0,"63":0,"64":0,"65":0,"66":0,"67":0,"68":0,"69":0,"70":0,"71":0,"72":0,"73":0,"74":0,"75":0,"76":2,"77":1,"78":0,"79":0,"80":0,"81":0,"82":0,"83":0,"84":0,"85":0,"86":0,"87":0,"88":2,"89":2,"90":0,"91":0,"92":0,"93":3,"94":3,"95":3,"96":3,"97":0,"98":0,"99":0,"100":0,"101":0,"102":0,"103":0,"104":0,"105":0,"106":4},"f":{"0":7,"1":18,"2":18,"3":14,"4":9,"5":21,"6":10,"7":10,"8":9,"9":11,"10":1,"11":1,"12":1,"13":1,"14":0,"15":0,"16":0,"17":0,"18":0,"19":0,"20":0,"21":0,"22":0,"23":0,"24":2,"25":0,"26":0,"27":0,"28":0,"29":0,"30":0,"31":0,"32":0,"33":0,"34":0,"35":2,"36":0,"37":0,"38":3,"39":0,"40":0,"41":0,"42":0,"43":0,"44":0},"b":{"0":[7],"1":[7],"2":[7],"3":[7],"4":[7],"5":[2,16],"6":[2,16],"7":[3,15],"8":[0,18],"9":[10,4],"10":[14,11],"11":[0,9]},"_coverageSchema":"1a1c01bbd47fc00a2c39e90264f33305004495a9","hash":"c7a87350ddcd2d1dfbdac6136c3b4a1a2a145d9a"}
,"/home/runner/work/smite-ql-api/smite-ql-api/src/clients/SmiteQL.js": {"path":"/home/runner/work/smite-ql-api/smite-ql-api/src/clients/SmiteQL.js","statementMap":{"0":{"start":{"line":9,"column":34},"end":{"line":9,"column":43}},"1":{"start":{"line":24,"column":4},"end":{"line":24,"column":17}},"2":{"start":{"line":32,"column":4},"end":{"line":32,"column":12}},"3":{"start":{"line":35,"column":4},"end":{"line":35,"column":35}},"4":{"start":{"line":43,"column":22},"end":{"line":43,"column":45}},"5":{"start":{"line":44,"column":26},"end":{"line":44,"column":61}},"6":{"start":{"line":45,"column":22},"end":{"line":45,"column":58}},"7":{"start":{"line":47,"column":29},"end":{"line":47,"column":94}},"8":{"start":{"line":50,"column":4},"end":{"line":50,"column":98}},"9":{"start":{"line":51,"column":4},"end":{"line":51,"column":96}},"10":{"start":{"line":52,"column":4},"end":{"line":52,"column":86}},"11":{"start":{"line":68,"column":4},"end":{"line":70,"column":5}},"12":{"start":{"line":69,"column":6},"end":{"line":69,"column":57}},"13":{"start":{"line":72,"column":24},"end":{"line":72,"column":65}},"14":{"start":{"line":73,"column":26},"end":{"line":73,"column":81}},"15":{"start":{"line":75,"column":4},"end":{"line":75,"column":25}},"16":{"start":{"line":88,"column":33},"end":{"line":88,"column":86}},"17":{"start":{"line":89,"column":33},"end":{"line":89,"column":99}},"18":{"start":{"line":90,"column":23},"end":{"line":90,"column":103}},"19":{"start":{"line":91,"column":25},"end":{"line":91,"column":92}},"20":{"start":{"line":93,"column":4},"end":{"line":97,"column":5}},"21":{"start":{"line":96,"column":6},"end":{"line":96,"column":64}},"22":{"start":{"line":99,"column":4},"end":{"line":99,"column":89}},"23":{"start":{"line":101,"column":28},"end":{"line":101,"column":100}},"24":{"start":{"line":102,"column":25},"end":{"line":102,"column":69}},"25":{"start":{"line":103,"column":25},"end":{"line":103,"column":69}},"26":{"start":{"line":104,"column":26},"end":{"line":104,"column":85}},"27":{"start":{"line":107,"column":4},"end":{"line":107,"column":82}},"28":{"start":{"line":109,"column":4},"end":{"line":120,"column":5}},"29":{"start":{"line":111,"column":21},"end":{"line":111,"column":80}},"30":{"start":{"line":112,"column":31},"end":{"line":112,"column":65}},"31":{"start":{"line":114,"column":6},"end":{"line":114,"column":75}},"32":{"start":{"line":115,"column":6},"end":{"line":115,"column":78}},"33":{"start":{"line":117,"column":6},"end":{"line":117,"column":88}},"34":{"start":{"line":119,"column":6},"end":{"line":119,"column":30}},"35":{"start":{"line":133,"column":4},"end":{"line":133,"column":88}},"36":{"start":{"line":135,"column":24},"end":{"line":135,"column":82}},"37":{"start":{"line":140,"column":28},"end":{"line":140,"column":84}},"38":{"start":{"line":141,"column":24},"end":{"line":141,"column":63}},"39":{"start":{"line":142,"column":23},"end":{"line":142,"column":80}},"40":{"start":{"line":144,"column":4},"end":{"line":144,"column":96}},"41":{"start":{"line":146,"column":4},"end":{"line":152,"column":5}},"42":{"start":{"line":149,"column":6},"end":{"line":151,"column":7}},"43":{"start":{"line":150,"column":8},"end":{"line":150,"column":74}},"44":{"start":{"line":154,"column":4},"end":{"line":161,"column":5}},"45":{"start":{"line":156,"column":6},"end":{"line":160,"column":8}},"46":{"start":{"line":158,"column":10},"end":{"line":158,"column":63}},"47":{"start":{"line":163,"column":4},"end":{"line":163,"column":86}},"48":{"start":{"line":165,"column":4},"end":{"line":165,"column":22}},"49":{"start":{"line":175,"column":28},"end":{"line":175,"column":72}},"50":{"start":{"line":178,"column":4},"end":{"line":181,"column":5}},"51":{"start":{"line":179,"column":30},"end":{"line":179,"column":83}},"52":{"start":{"line":180,"column":6},"end":{"line":180,"column":64}},"53":{"start":{"line":183,"column":26},"end":{"line":183,"column":76}},"54":{"start":{"line":185,"column":4},"end":{"line":187,"column":5}},"55":{"start":{"line":186,"column":6},"end":{"line":186,"column":61}},"56":{"start":{"line":189,"column":4},"end":{"line":195,"column":5}},"57":{"start":{"line":191,"column":6},"end":{"line":191,"column":83}},"58":{"start":{"line":193,"column":29},"end":{"line":193,"column":65}},"59":{"start":{"line":194,"column":6},"end":{"line":194,"column":64}},"60":{"start":{"line":197,"column":24},"end":{"line":197,"column":65}},"61":{"start":{"line":199,"column":4},"end":{"line":199,"column":23}},"62":{"start":{"line":212,"column":4},"end":{"line":220,"column":5}},"63":{"start":{"line":213,"column":6},"end":{"line":213,"column":35}},"64":{"start":{"line":215,"column":6},"end":{"line":219,"column":8}},"65":{"start":{"line":230,"column":4},"end":{"line":247,"column":5}},"66":{"start":{"line":231,"column":22},"end":{"line":231,"column":69}},"67":{"start":{"line":232,"column":21},"end":{"line":232,"column":79}},"68":{"start":{"line":234,"column":6},"end":{"line":240,"column":8}},"69":{"start":{"line":242,"column":6},"end":{"line":246,"column":8}},"70":{"start":{"line":257,"column":4},"end":{"line":257,"column":61}},"71":{"start":{"line":258,"column":4},"end":{"line":258,"column":87}},"72":{"start":{"line":259,"column":4},"end":{"line":259,"column":86}},"73":{"start":{"line":260,"column":4},"end":{"line":260,"column":86}},"74":{"start":{"line":262,"column":24},"end":{"line":262,"column":65}},"75":{"start":{"line":263,"column":20},"end":{"line":263,"column":47}},"76":{"start":{"line":265,"column":4},"end":{"line":275,"column":6}},"77":{"start":{"line":267,"column":32},"end":{"line":267,"column":86}},"78":{"start":{"line":268,"column":29},"end":{"line":268,"column":58}},"79":{"start":{"line":270,"column":29},"end":{"line":270,"column":73}},"80":{"start":{"line":271,"column":30},"end":{"line":271,"column":89}},"81":{"start":{"line":273,"column":8},"end":{"line":273,"column":86}},"82":{"start":{"line":277,"column":4},"end":{"line":279,"column":6}},"83":{"start":{"line":283,"column":27},"end":{"line":283,"column":40}}},"fnMap":{"0":{"name":"(anonymous_0)","decl":{"start":{"line":31,"column":2},"end":{"line":31,"column":3}},"loc":{"start":{"line":31,"column":16},"end":{"line":36,"column":3}},"line":31},"1":{"name":"(anonymous_1)","decl":{"start":{"line":42,"column":2},"end":{"line":42,"column":3}},"loc":{"start":{"line":42,"column":75},"end":{"line":53,"column":3}},"line":42},"2":{"name":"(anonymous_2)","decl":{"start":{"line":67,"column":2},"end":{"line":67,"column":3}},"loc":{"start":{"line":67,"column":50},"end":{"line":76,"column":3}},"line":67},"3":{"name":"(anonymous_3)","decl":{"start":{"line":87,"column":2},"end":{"line":87,"column":3}},"loc":{"start":{"line":87,"column":43},"end":{"line":121,"column":3}},"line":87},"4":{"name":"(anonymous_4)","decl":{"start":{"line":132,"column":2},"end":{"line":132,"column":3}},"loc":{"start":{"line":132,"column":43},"end":{"line":166,"column":3}},"line":132},"5":{"name":"(anonymous_5)","decl":{"start":{"line":157,"column":26},"end":{"line":157,"column":27}},"loc":{"start":{"line":157,"column":45},"end":{"line":159,"column":9}},"line":157},"6":{"name":"(anonymous_6)","decl":{"start":{"line":174,"column":2},"end":{"line":174,"column":3}},"loc":{"start":{"line":174,"column":38},"end":{"line":200,"column":3}},"line":174},"7":{"name":"(anonymous_7)","decl":{"start":{"line":211,"column":2},"end":{"line":211,"column":3}},"loc":{"start":{"line":211,"column":18},"end":{"line":221,"column":3}},"line":211},"8":{"name":"(anonymous_8)","decl":{"start":{"line":229,"column":2},"end":{"line":229,"column":3}},"loc":{"start":{"line":229,"column":38},"end":{"line":248,"column":3}},"line":229},"9":{"name":"(anonymous_9)","decl":{"start":{"line":255,"column":2},"end":{"line":255,"column":3}},"loc":{"start":{"line":255,"column":36},"end":{"line":280,"column":3}},"line":255},"10":{"name":"(anonymous_10)","decl":{"start":{"line":266,"column":21},"end":{"line":266,"column":22}},"loc":{"start":{"line":266,"column":40},"end":{"line":274,"column":7}},"line":266}},"branchMap":{"0":{"loc":{"start":{"line":44,"column":26},"end":{"line":44,"column":61}},"type":"cond-expr","locations":[{"start":{"line":44,"column":48},"end":{"line":44,"column":52}},{"start":{"line":44,"column":55},"end":{"line":44,"column":61}}],"line":44},"1":{"loc":{"start":{"line":45,"column":22},"end":{"line":45,"column":58}},"type":"cond-expr","locations":[{"start":{"line":45,"column":43},"end":{"line":45,"column":49}},{"start":{"line":45,"column":52},"end":{"line":45,"column":58}}],"line":45},"2":{"loc":{"start":{"line":67,"column":36},"end":{"line":67,"column":48}},"type":"default-arg","locations":[{"start":{"line":67,"column":46},"end":{"line":67,"column":48}}],"line":67},"3":{"loc":{"start":{"line":68,"column":4},"end":{"line":70,"column":5}},"type":"if","locations":[{"start":{"line":68,"column":4},"end":{"line":70,"column":5}},{"start":{},"end":{}}],"line":68},"4":{"loc":{"start":{"line":68,"column":8},"end":{"line":68,"column":52}},"type":"binary-expr","locations":[{"start":{"line":68,"column":8},"end":{"line":68,"column":21}},{"start":{"line":68,"column":25},"end":{"line":68,"column":52}}],"line":68},"5":{"loc":{"start":{"line":90,"column":23},"end":{"line":90,"column":103}},"type":"binary-expr","locations":[{"start":{"line":90,"column":23},"end":{"line":90,"column":43}},{"start":{"line":90,"column":48},"end":{"line":90,"column":102}}],"line":90},"6":{"loc":{"start":{"line":91,"column":25},"end":{"line":91,"column":92}},"type":"binary-expr","locations":[{"start":{"line":91,"column":25},"end":{"line":91,"column":57}},{"start":{"line":91,"column":62},"end":{"line":91,"column":91}}],"line":91},"7":{"loc":{"start":{"line":93,"column":4},"end":{"line":97,"column":5}},"type":"if","locations":[{"start":{"line":93,"column":4},"end":{"line":97,"column":5}},{"start":{},"end":{}}],"line":93},"8":{"loc":{"start":{"line":93,"column":8},"end":{"line":93,"column":52}},"type":"binary-expr","locations":[{"start":{"line":93,"column":8},"end":{"line":93,"column":28}},{"start":{"line":93,"column":32},"end":{"line":93,"column":52}}],"line":93},"9":{"loc":{"start":{"line":101,"column":28},"end":{"line":101,"column":100}},"type":"cond-expr","locations":[{"start":{"line":101,"column":51},"end":{"line":101,"column":61}},{"start":{"line":101,"column":64},"end":{"line":101,"column":100}}],"line":101},"10":{"loc":{"start":{"line":109,"column":4},"end":{"line":120,"column":5}},"type":"if","locations":[{"start":{"line":109,"column":4},"end":{"line":120,"column":5}},{"start":{},"end":{}}],"line":109},"11":{"loc":{"start":{"line":146,"column":4},"end":{"line":152,"column":5}},"type":"if","locations":[{"start":{"line":146,"column":4},"end":{"line":152,"column":5}},{"start":{},"end":{}}],"line":146},"12":{"loc":{"start":{"line":154,"column":4},"end":{"line":161,"column":5}},"type":"if","locations":[{"start":{"line":154,"column":4},"end":{"line":161,"column":5}},{"start":{},"end":{}}],"line":154},"13":{"loc":{"start":{"line":178,"column":4},"end":{"line":181,"column":5}},"type":"if","locations":[{"start":{"line":178,"column":4},"end":{"line":181,"column":5}},{"start":{},"end":{}}],"line":178},"14":{"loc":{"start":{"line":183,"column":48},"end":{"line":183,"column":75}},"type":"binary-expr","locations":[{"start":{"line":183,"column":48},"end":{"line":183,"column":63}},{"start":{"line":183,"column":67},"end":{"line":183,"column":75}}],"line":183},"15":{"loc":{"start":{"line":185,"column":4},"end":{"line":187,"column":5}},"type":"if","locations":[{"start":{"line":185,"column":4},"end":{"line":187,"column":5}},{"start":{},"end":{}}],"line":185},"16":{"loc":{"start":{"line":189,"column":4},"end":{"line":195,"column":5}},"type":"if","locations":[{"start":{"line":189,"column":4},"end":{"line":195,"column":5}},{"start":{"line":192,"column":11},"end":{"line":195,"column":5}}],"line":189}},"s":{"0":1,"1":1,"2":1,"3":1,"4":1,"5":1,"6":1,"7":1,"8":1,"9":1,"10":1,"11":0,"12":0,"13":0,"14":0,"15":0,"16":1,"17":1,"18":1,"19":1,"20":1,"21":0,"22":1,"23":1,"24":1,"25":1,"26":1,"27":1,"28":1,"29":1,"30":1,"31":1,"32":1,"33":1,"34":1,"35":1,"36":1,"37":1,"38":1,"39":1,"40":1,"41":1,"42":1,"43":1,"44":1,"45":1,"46":1,"47":1,"48":1,"49":2,"50":2,"51":0,"52":0,"53":2,"54":2,"55":0,"56":2,"57":0,"58":2,"59":2,"60":2,"61":2,"62":0,"63":0,"64":0,"65":0,"66":0,"67":0,"68":0,"69":0,"70":0,"71":0,"72":0,"73":0,"74":0,"75":0,"76":0,"77":0,"78":0,"79":0,"80":0,"81":0,"82":0,"83":1},"f":{"0":1,"1":1,"2":0,"3":1,"4":1,"5":1,"6":2,"7":0,"8":0,"9":0,"10":0},"b":{"0":[0,1],"1":[0,1],"2":[0],"3":[0,0],"4":[0,0],"5":[1,0],"6":[1,1],"7":[0,1],"8":[1,0],"9":[0,1],"10":[1,0],"11":[1,0],"12":[1,0],"13":[0,2],"14":[2,2],"15":[0,2],"16":[0,2]},"_coverageSchema":"1a1c01bbd47fc00a2c39e90264f33305004495a9","hash":"a4b718fee77ba607be7152faf74343ddcebd0fbb"}
,"/home/runner/work/smite-ql-api/smite-ql-api/src/clients/SmiteRedis.js": {"path":"/home/runner/work/smite-ql-api/smite-ql-api/src/clients/SmiteRedis.js","statementMap":{"0":{"start":{"line":10,"column":39},"end":{"line":10,"column":46}},"1":{"start":{"line":12,"column":58},"end":{"line":12,"column":67}},"2":{"start":{"line":13,"column":15},"end":{"line":13,"column":29}},"3":{"start":{"line":44,"column":4},"end":{"line":44,"column":17}},"4":{"start":{"line":52,"column":4},"end":{"line":52,"column":12}},"5":{"start":{"line":55,"column":4},"end":{"line":55,"column":29}},"6":{"start":{"line":58,"column":4},"end":{"line":58,"column":25}},"7":{"start":{"line":70,"column":4},"end":{"line":72,"column":5}},"8":{"start":{"line":71,"column":6},"end":{"line":71,"column":52}},"9":{"start":{"line":86,"column":18},"end":{"line":86,"column":19}},"10":{"start":{"line":87,"column":21},"end":{"line":87,"column":79}},"11":{"start":{"line":88,"column":4},"end":{"line":88,"column":20}},"12":{"start":{"line":98,"column":21},"end":{"line":98,"column":72}},"13":{"start":{"line":99,"column":4},"end":{"line":99,"column":20}},"14":{"start":{"line":108,"column":21},"end":{"line":108,"column":60}},"15":{"start":{"line":109,"column":4},"end":{"line":109,"column":22}},"16":{"start":{"line":118,"column":17},"end":{"line":118,"column":59}},"17":{"start":{"line":119,"column":4},"end":{"line":119,"column":16}},"18":{"start":{"line":129,"column":19},"end":{"line":129,"column":63}},"19":{"start":{"line":130,"column":4},"end":{"line":130,"column":18}},"20":{"start":{"line":138,"column":4},"end":{"line":138,"column":32}},"21":{"start":{"line":139,"column":4},"end":{"line":139,"column":25}},"22":{"start":{"line":140,"column":4},"end":{"line":140,"column":34}},"23":{"start":{"line":144,"column":19},"end":{"line":144,"column":57}},"24":{"start":{"line":145,"column":4},"end":{"line":145,"column":18}},"25":{"start":{"line":158,"column":26},"end":{"line":158,"column":50}},"26":{"start":{"line":160,"column":4},"end":{"line":164,"column":5}},"27":{"start":{"line":163,"column":6},"end":{"line":163,"column":19}},"28":{"start":{"line":166,"column":25},"end":{"line":166,"column":46}},"29":{"start":{"line":167,"column":4},"end":{"line":167,"column":40}},"30":{"start":{"line":169,"column":4},"end":{"line":169,"column":16}},"31":{"start":{"line":179,"column":31},"end":{"line":179,"column":56}},"32":{"start":{"line":180,"column":29},"end":{"line":180,"column":90}},"33":{"start":{"line":181,"column":32},"end":{"line":181,"column":64}},"34":{"start":{"line":182,"column":25},"end":{"line":182,"column":66}},"35":{"start":{"line":184,"column":4},"end":{"line":188,"column":5}},"36":{"start":{"line":187,"column":6},"end":{"line":187,"column":26}},"37":{"start":{"line":190,"column":29},"end":{"line":194,"column":5}},"38":{"start":{"line":197,"column":4},"end":{"line":197,"column":84}},"39":{"start":{"line":198,"column":4},"end":{"line":198,"column":91}},"40":{"start":{"line":200,"column":4},"end":{"line":200,"column":34}},"41":{"start":{"line":208,"column":29},"end":{"line":208,"column":90}},"42":{"start":{"line":209,"column":32},"end":{"line":209,"column":64}},"43":{"start":{"line":211,"column":4},"end":{"line":211,"column":50}},"44":{"start":{"line":213,"column":4},"end":{"line":213,"column":31}},"45":{"start":{"line":221,"column":25},"end":{"line":221,"column":54}},"46":{"start":{"line":222,"column":24},"end":{"line":222,"column":80}},"47":{"start":{"line":224,"column":4},"end":{"line":226,"column":5}},"48":{"start":{"line":225,"column":6},"end":{"line":225,"column":19}},"49":{"start":{"line":228,"column":18},"end":{"line":228,"column":39}},"50":{"start":{"line":229,"column":4},"end":{"line":229,"column":62}},"51":{"start":{"line":231,"column":4},"end":{"line":238,"column":6}},"52":{"start":{"line":235,"column":20},"end":{"line":235,"column":53}},"53":{"start":{"line":236,"column":8},"end":{"line":236,"column":82}},"54":{"start":{"line":246,"column":25},"end":{"line":246,"column":54}},"55":{"start":{"line":247,"column":24},"end":{"line":247,"column":79}},"56":{"start":{"line":249,"column":4},"end":{"line":251,"column":5}},"57":{"start":{"line":250,"column":6},"end":{"line":250,"column":19}},"58":{"start":{"line":253,"column":17},"end":{"line":253,"column":37}},"59":{"start":{"line":254,"column":4},"end":{"line":254,"column":61}},"60":{"start":{"line":256,"column":4},"end":{"line":261,"column":6}},"61":{"start":{"line":258,"column":20},"end":{"line":258,"column":53}},"62":{"start":{"line":259,"column":8},"end":{"line":259,"column":87}},"63":{"start":{"line":263,"column":4},"end":{"line":263,"column":16}},"64":{"start":{"line":272,"column":24},"end":{"line":272,"column":36}},"65":{"start":{"line":274,"column":4},"end":{"line":274,"column":24}},"66":{"start":{"line":276,"column":4},"end":{"line":276,"column":37}},"67":{"start":{"line":277,"column":4},"end":{"line":277,"column":37}},"68":{"start":{"line":278,"column":4},"end":{"line":278,"column":26}},"69":{"start":{"line":279,"column":4},"end":{"line":279,"column":27}},"70":{"start":{"line":281,"column":4},"end":{"line":281,"column":61}},"71":{"start":{"line":283,"column":4},"end":{"line":283,"column":23}},"72":{"start":{"line":295,"column":25},"end":{"line":362,"column":5}},"73":{"start":{"line":364,"column":4},"end":{"line":364,"column":24}},"74":{"start":{"line":373,"column":19},"end":{"line":373,"column":84}},"75":{"start":{"line":376,"column":23},"end":{"line":376,"column":87}},"76":{"start":{"line":378,"column":31},"end":{"line":397,"column":5}},"77":{"start":{"line":399,"column":4},"end":{"line":399,"column":30}},"78":{"start":{"line":412,"column":26},"end":{"line":412,"column":35}},"79":{"start":{"line":413,"column":19},"end":{"line":413,"column":89}},"80":{"start":{"line":414,"column":20},"end":{"line":414,"column":90}},"81":{"start":{"line":415,"column":18},"end":{"line":415,"column":72}},"82":{"start":{"line":417,"column":29},"end":{"line":423,"column":5}},"83":{"start":{"line":425,"column":4},"end":{"line":425,"column":28}},"84":{"start":{"line":436,"column":29},"end":{"line":442,"column":5}},"85":{"start":{"line":444,"column":4},"end":{"line":444,"column":28}},"86":{"start":{"line":448,"column":32},"end":{"line":448,"column":48}}},"fnMap":{"0":{"name":"(anonymous_0)","decl":{"start":{"line":51,"column":2},"end":{"line":51,"column":3}},"loc":{"start":{"line":51,"column":16},"end":{"line":59,"column":3}},"line":51},"1":{"name":"(anonymous_1)","decl":{"start":{"line":69,"column":2},"end":{"line":69,"column":3}},"loc":{"start":{"line":69,"column":36},"end":{"line":73,"column":3}},"line":69},"2":{"name":"(anonymous_2)","decl":{"start":{"line":85,"column":2},"end":{"line":85,"column":3}},"loc":{"start":{"line":85,"column":30},"end":{"line":89,"column":3}},"line":85},"3":{"name":"(anonymous_3)","decl":{"start":{"line":97,"column":2},"end":{"line":97,"column":3}},"loc":{"start":{"line":97,"column":29},"end":{"line":100,"column":3}},"line":97},"4":{"name":"(anonymous_4)","decl":{"start":{"line":107,"column":2},"end":{"line":107,"column":3}},"loc":{"start":{"line":107,"column":22},"end":{"line":110,"column":3}},"line":107},"5":{"name":"(anonymous_5)","decl":{"start":{"line":117,"column":2},"end":{"line":117,"column":3}},"loc":{"start":{"line":117,"column":19},"end":{"line":120,"column":3}},"line":117},"6":{"name":"(anonymous_6)","decl":{"start":{"line":128,"column":2},"end":{"line":128,"column":3}},"loc":{"start":{"line":128,"column":25},"end":{"line":131,"column":3}},"line":128},"7":{"name":"(anonymous_7)","decl":{"start":{"line":137,"column":2},"end":{"line":137,"column":3}},"loc":{"start":{"line":137,"column":17},"end":{"line":141,"column":3}},"line":137},"8":{"name":"(anonymous_8)","decl":{"start":{"line":143,"column":2},"end":{"line":143,"column":3}},"loc":{"start":{"line":143,"column":19},"end":{"line":146,"column":3}},"line":143},"9":{"name":"(anonymous_9)","decl":{"start":{"line":157,"column":2},"end":{"line":157,"column":3}},"loc":{"start":{"line":157,"column":30},"end":{"line":170,"column":3}},"line":157},"10":{"name":"(anonymous_10)","decl":{"start":{"line":178,"column":2},"end":{"line":178,"column":3}},"loc":{"start":{"line":178,"column":30},"end":{"line":201,"column":3}},"line":178},"11":{"name":"(anonymous_11)","decl":{"start":{"line":207,"column":2},"end":{"line":207,"column":3}},"loc":{"start":{"line":207,"column":27},"end":{"line":214,"column":3}},"line":207},"12":{"name":"(anonymous_12)","decl":{"start":{"line":220,"column":2},"end":{"line":220,"column":3}},"loc":{"start":{"line":220,"column":20},"end":{"line":239,"column":3}},"line":220},"13":{"name":"(anonymous_13)","decl":{"start":{"line":232,"column":19},"end":{"line":232,"column":20}},"loc":{"start":{"line":232,"column":35},"end":{"line":237,"column":7}},"line":232},"14":{"name":"(anonymous_14)","decl":{"start":{"line":245,"column":2},"end":{"line":245,"column":3}},"loc":{"start":{"line":245,"column":19},"end":{"line":264,"column":3}},"line":245},"15":{"name":"(anonymous_15)","decl":{"start":{"line":257,"column":18},"end":{"line":257,"column":19}},"loc":{"start":{"line":257,"column":40},"end":{"line":260,"column":7}},"line":257},"16":{"name":"(anonymous_16)","decl":{"start":{"line":271,"column":2},"end":{"line":271,"column":3}},"loc":{"start":{"line":271,"column":16},"end":{"line":284,"column":3}},"line":271},"17":{"name":"(anonymous_17)","decl":{"start":{"line":294,"column":2},"end":{"line":294,"column":3}},"loc":{"start":{"line":294,"column":19},"end":{"line":365,"column":3}},"line":294},"18":{"name":"(anonymous_18)","decl":{"start":{"line":372,"column":2},"end":{"line":372,"column":3}},"loc":{"start":{"line":372,"column":34},"end":{"line":400,"column":3}},"line":372},"19":{"name":"(anonymous_19)","decl":{"start":{"line":411,"column":2},"end":{"line":411,"column":3}},"loc":{"start":{"line":411,"column":63},"end":{"line":426,"column":3}},"line":411},"20":{"name":"(anonymous_20)","decl":{"start":{"line":435,"column":2},"end":{"line":435,"column":3}},"loc":{"start":{"line":435,"column":85},"end":{"line":445,"column":3}},"line":435}},"branchMap":{"0":{"loc":{"start":{"line":70,"column":4},"end":{"line":72,"column":5}},"type":"if","locations":[{"start":{"line":70,"column":4},"end":{"line":72,"column":5}},{"start":{},"end":{}}],"line":70},"1":{"loc":{"start":{"line":160,"column":4},"end":{"line":164,"column":5}},"type":"if","locations":[{"start":{"line":160,"column":4},"end":{"line":164,"column":5}},{"start":{},"end":{}}],"line":160},"2":{"loc":{"start":{"line":184,"column":4},"end":{"line":188,"column":5}},"type":"if","locations":[{"start":{"line":184,"column":4},"end":{"line":188,"column":5}},{"start":{},"end":{}}],"line":184},"3":{"loc":{"start":{"line":224,"column":4},"end":{"line":226,"column":5}},"type":"if","locations":[{"start":{"line":224,"column":4},"end":{"line":226,"column":5}},{"start":{},"end":{}}],"line":224},"4":{"loc":{"start":{"line":249,"column":4},"end":{"line":251,"column":5}},"type":"if","locations":[{"start":{"line":249,"column":4},"end":{"line":251,"column":5}},{"start":{},"end":{}}],"line":249},"5":{"loc":{"start":{"line":373,"column":19},"end":{"line":373,"column":84}},"type":"cond-expr","locations":[{"start":{"line":373,"column":46},"end":{"line":373,"column":68}},{"start":{"line":373,"column":71},"end":{"line":373,"column":84}}],"line":373},"6":{"loc":{"start":{"line":376,"column":23},"end":{"line":376,"column":87}},"type":"binary-expr","locations":[{"start":{"line":376,"column":23},"end":{"line":376,"column":54}},{"start":{"line":376,"column":58},"end":{"line":376,"column":87}}],"line":376},"7":{"loc":{"start":{"line":413,"column":50},"end":{"line":413,"column":82}},"type":"cond-expr","locations":[{"start":{"line":413,"column":62},"end":{"line":413,"column":71}},{"start":{"line":413,"column":74},"end":{"line":413,"column":82}}],"line":413},"8":{"loc":{"start":{"line":414,"column":51},"end":{"line":414,"column":83}},"type":"cond-expr","locations":[{"start":{"line":414,"column":63},"end":{"line":414,"column":71}},{"start":{"line":414,"column":74},"end":{"line":414,"column":83}}],"line":414}},"s":{"0":2,"1":2,"2":2,"3":2,"4":3,"5":3,"6":3,"7":29,"8":0,"9":13,"10":13,"11":13,"12":2,"13":2,"14":54,"15":54,"16":46,"17":46,"18":56,"19":56,"20":2,"21":2,"22":2,"23":0,"24":0,"25":14,"26":14,"27":2,"28":12,"29":12,"30":12,"31":14,"32":14,"33":14,"34":14,"35":14,"36":2,"37":12,"38":12,"39":12,"40":12,"41":29,"42":29,"43":29,"44":29,"45":14,"46":14,"47":14,"48":2,"49":12,"50":12,"51":12,"52":0,"53":0,"54":14,"55":14,"56":14,"57":2,"58":12,"59":12,"60":12,"61":0,"62":0,"63":12,"64":14,"65":14,"66":14,"67":14,"68":14,"69":14,"70":14,"71":14,"72":12,"73":12,"74":2,"75":2,"76":2,"77":2,"78":1,"79":1,"80":1,"81":1,"82":1,"83":1,"84":1,"85":1,"86":2},"f":{"0":3,"1":29,"2":13,"3":2,"4":54,"5":46,"6":56,"7":2,"8":0,"9":14,"10":14,"11":29,"12":14,"13":0,"14":14,"15":0,"16":14,"17":12,"18":2,"19":1,"20":1},"b":{"0":[0,29],"1":[2,12],"2":[2,12],"3":[2,12],"4":[2,12],"5":[2,0],"6":[2,0],"7":[0,1],"8":[0,1]},"_coverageSchema":"1a1c01bbd47fc00a2c39e90264f33305004495a9","hash":"5739225ff776f6a606dc3cefe69caf80bccd74b6"}
,"/home/runner/work/smite-ql-api/smite-ql-api/src/constants/constants.js": {"path":"/home/runner/work/smite-ql-api/smite-ql-api/src/constants/constants.js","statementMap":{"0":{"start":{"line":10,"column":4},"end":{"line":10,"column":15}},"1":{"start":{"line":11,"column":15},"end":{"line":11,"column":40}},"2":{"start":{"line":13,"column":19},"end":{"line":20,"column":1}},"3":{"start":{"line":22,"column":23},"end":{"line":38,"column":1}},"4":{"start":{"line":40,"column":25},"end":{"line":50,"column":1}},"5":{"start":{"line":52,"column":21},"end":{"line":63,"column":1}},"6":{"start":{"line":65,"column":29},"end":{"line":98,"column":1}},"7":{"start":{"line":100,"column":30},"end":{"line":113,"column":1}},"8":{"start":{"line":115,"column":22},"end":{"line":120,"column":1}},"9":{"start":{"line":122,"column":22},"end":{"line":124,"column":1}},"10":{"start":{"line":126,"column":21},"end":{"line":130,"column":1}},"11":{"start":{"line":132,"column":22},"end":{"line":135,"column":1}},"12":{"start":{"line":137,"column":23},"end":{"line":153,"column":1}}},"fnMap":{},"branchMap":{"0":{"loc":{"start":{"line":123,"column":8},"end":{"line":123,"column":20}},"type":"binary-expr","locations":[{"start":{"line":123,"column":8},"end":{"line":123,"column":12}},{"start":{"line":123,"column":16},"end":{"line":123,"column":20}}],"line":123},"1":{"loc":{"start":{"line":127,"column":8},"end":{"line":127,"column":41}},"type":"cond-expr","locations":[{"start":{"line":127,"column":17},"end":{"line":127,"column":27}},{"start":{"line":127,"column":30},"end":{"line":127,"column":41}}],"line":127},"2":{"loc":{"start":{"line":128,"column":8},"end":{"line":128,"column":36}},"type":"cond-expr","locations":[{"start":{"line":128,"column":17},"end":{"line":128,"column":27}},{"start":{"line":128,"column":30},"end":{"line":128,"column":36}}],"line":128},"3":{"loc":{"start":{"line":129,"column":8},"end":{"line":129,"column":32}},"type":"cond-expr","locations":[{"start":{"line":129,"column":17},"end":{"line":129,"column":27}},{"start":{"line":129,"column":30},"end":{"line":129,"column":32}}],"line":129}},"s":{"0":9,"1":9,"2":9,"3":9,"4":9,"5":9,"6":9,"7":9,"8":9,"9":9,"10":9,"11":9,"12":9},"f":{},"b":{"0":[9,9],"1":[0,9],"2":[0,9],"3":[0,9]},"_coverageSchema":"1a1c01bbd47fc00a2c39e90264f33305004495a9","hash":"5795943911572c987de6c85c14ba99f6777f4092"}
,"/home/runner/work/smite-ql-api/smite-ql-api/src/constants/index.js": {"path":"/home/runner/work/smite-ql-api/smite-ql-api/src/constants/index.js","statementMap":{},"fnMap":{},"branchMap":{},"s":{},"f":{},"b":{},"_coverageSchema":"1a1c01bbd47fc00a2c39e90264f33305004495a9","hash":"189148e205e59045c03c53f1238381f9b7c5b35e"}
,"/home/runner/work/smite-ql-api/smite-ql-api/src/helpers/index.js": {"path":"/home/runner/work/smite-ql-api/smite-ql-api/src/helpers/index.js","statementMap":{},"fnMap":{},"branchMap":{},"s":{},"f":{},"b":{},"_coverageSchema":"1a1c01bbd47fc00a2c39e90264f33305004495a9","hash":"177eb93aea18e8f3e6b5fe38f0716dfcf665d762"}
,"/home/runner/work/smite-ql-api/smite-ql-api/src/helpers/parsers.js": {"path":"/home/runner/work/smite-ql-api/smite-ql-api/src/helpers/parsers.js","statementMap":{"0":{"start":{"line":5,"column":36},"end":{"line":5,"column":45}},"1":{"start":{"line":6,"column":40},"end":{"line":6,"column":54}},"2":{"start":{"line":14,"column":25},"end":{"line":19,"column":1}},"3":{"start":{"line":15,"column":2},"end":{"line":15,"column":39}},"4":{"start":{"line":16,"column":2},"end":{"line":16,"column":38}},"5":{"start":{"line":17,"column":2},"end":{"line":17,"column":49}},"6":{"start":{"line":18,"column":2},"end":{"line":18,"column":16}},"7":{"start":{"line":26,"column":31},"end":{"line":29,"column":1}},"8":{"start":{"line":27,"column":15},"end":{"line":27,"column":53}},"9":{"start":{"line":28,"column":2},"end":{"line":28,"column":14}},"10":{"start":{"line":37,"column":24},"end":{"line":45,"column":1}},"11":{"start":{"line":41,"column":20},"end":{"line":41,"column":75}},"12":{"start":{"line":42,"column":15},"end":{"line":42,"column":51}},"13":{"start":{"line":43,"column":14},"end":{"line":43,"column":49}},"14":{"start":{"line":44,"column":2},"end":{"line":44,"column":13}},"15":{"start":{"line":52,"column":33},"end":{"line":58,"column":1}},"16":{"start":{"line":53,"column":2},"end":{"line":55,"column":3}},"17":{"start":{"line":54,"column":4},"end":{"line":54,"column":21}},"18":{"start":{"line":57,"column":2},"end":{"line":57,"column":35}},"19":{"start":{"line":65,"column":29},"end":{"line":101,"column":1}},"20":{"start":{"line":66,"column":12},"end":{"line":66,"column":16}},"21":{"start":{"line":68,"column":2},"end":{"line":98,"column":3}},"22":{"start":{"line":70,"column":6},"end":{"line":70,"column":26}},"23":{"start":{"line":71,"column":6},"end":{"line":71,"column":12}},"24":{"start":{"line":73,"column":6},"end":{"line":73,"column":30}},"25":{"start":{"line":74,"column":6},"end":{"line":74,"column":12}},"26":{"start":{"line":76,"column":6},"end":{"line":76,"column":27}},"27":{"start":{"line":77,"column":6},"end":{"line":77,"column":12}},"28":{"start":{"line":79,"column":6},"end":{"line":79,"column":23}},"29":{"start":{"line":80,"column":6},"end":{"line":80,"column":12}},"30":{"start":{"line":82,"column":6},"end":{"line":82,"column":20}},"31":{"start":{"line":83,"column":6},"end":{"line":83,"column":12}},"32":{"start":{"line":85,"column":6},"end":{"line":85,"column":20}},"33":{"start":{"line":86,"column":6},"end":{"line":86,"column":12}},"34":{"start":{"line":88,"column":6},"end":{"line":88,"column":22}},"35":{"start":{"line":89,"column":6},"end":{"line":89,"column":12}},"36":{"start":{"line":91,"column":6},"end":{"line":91,"column":20}},"37":{"start":{"line":92,"column":6},"end":{"line":92,"column":12}},"38":{"start":{"line":94,"column":6},"end":{"line":94,"column":20}},"39":{"start":{"line":95,"column":6},"end":{"line":95,"column":12}},"40":{"start":{"line":97,"column":6},"end":{"line":97,"column":12}},"41":{"start":{"line":100,"column":2},"end":{"line":100,"column":13}},"42":{"start":{"line":108,"column":29},"end":{"line":118,"column":1}},"43":{"start":{"line":109,"column":2},"end":{"line":111,"column":3}},"44":{"start":{"line":110,"column":4},"end":{"line":110,"column":21}},"45":{"start":{"line":113,"column":2},"end":{"line":115,"column":3}},"46":{"start":{"line":114,"column":4},"end":{"line":114,"column":20}},"47":{"start":{"line":117,"column":2},"end":{"line":117,"column":27}}},"fnMap":{"0":{"name":"(anonymous_0)","decl":{"start":{"line":14,"column":25},"end":{"line":14,"column":26}},"loc":{"start":{"line":14,"column":57},"end":{"line":19,"column":1}},"line":14},"1":{"name":"(anonymous_1)","decl":{"start":{"line":26,"column":31},"end":{"line":26,"column":32}},"loc":{"start":{"line":26,"column":47},"end":{"line":29,"column":1}},"line":26},"2":{"name":"(anonymous_2)","decl":{"start":{"line":37,"column":24},"end":{"line":37,"column":25}},"loc":{"start":{"line":37,"column":43},"end":{"line":45,"column":1}},"line":37},"3":{"name":"(anonymous_3)","decl":{"start":{"line":52,"column":33},"end":{"line":52,"column":34}},"loc":{"start":{"line":52,"column":46},"end":{"line":58,"column":1}},"line":52},"4":{"name":"(anonymous_4)","decl":{"start":{"line":65,"column":29},"end":{"line":65,"column":30}},"loc":{"start":{"line":65,"column":43},"end":{"line":101,"column":1}},"line":65},"5":{"name":"(anonymous_5)","decl":{"start":{"line":108,"column":29},"end":{"line":108,"column":30}},"loc":{"start":{"line":108,"column":43},"end":{"line":118,"column":1}},"line":108}},"branchMap":{"0":{"loc":{"start":{"line":14,"column":34},"end":{"line":14,"column":52}},"type":"default-arg","locations":[{"start":{"line":14,"column":48},"end":{"line":14,"column":52}}],"line":14},"1":{"loc":{"start":{"line":17,"column":2},"end":{"line":17,"column":48}},"type":"binary-expr","locations":[{"start":{"line":17,"column":2},"end":{"line":17,"column":13}},{"start":{"line":17,"column":18},"end":{"line":17,"column":47}}],"line":17},"2":{"loc":{"start":{"line":43,"column":14},"end":{"line":43,"column":49}},"type":"cond-expr","locations":[{"start":{"line":43,"column":33},"end":{"line":43,"column":37}},{"start":{"line":43,"column":40},"end":{"line":43,"column":49}}],"line":43},"3":{"loc":{"start":{"line":53,"column":2},"end":{"line":55,"column":3}},"type":"if","locations":[{"start":{"line":53,"column":2},"end":{"line":55,"column":3}},{"start":{},"end":{}}],"line":53},"4":{"loc":{"start":{"line":68,"column":2},"end":{"line":98,"column":3}},"type":"switch","locations":[{"start":{"line":69,"column":4},"end":{"line":71,"column":12}},{"start":{"line":72,"column":4},"end":{"line":74,"column":12}},{"start":{"line":75,"column":4},"end":{"line":77,"column":12}},{"start":{"line":78,"column":4},"end":{"line":80,"column":12}},{"start":{"line":81,"column":4},"end":{"line":83,"column":12}},{"start":{"line":84,"column":4},"end":{"line":86,"column":12}},{"start":{"line":87,"column":4},"end":{"line":89,"column":12}},{"start":{"line":90,"column":4},"end":{"line":92,"column":12}},{"start":{"line":93,"column":4},"end":{"line":95,"column":12}},{"start":{"line":96,"column":4},"end":{"line":97,"column":12}}],"line":68},"5":{"loc":{"start":{"line":69,"column":9},"end":{"line":69,"column":64}},"type":"binary-expr","locations":[{"start":{"line":69,"column":9},"end":{"line":69,"column":36}},{"start":{"line":69,"column":40},"end":{"line":69,"column":64}}],"line":69},"6":{"loc":{"start":{"line":72,"column":9},"end":{"line":72,"column":69}},"type":"binary-expr","locations":[{"start":{"line":72,"column":9},"end":{"line":72,"column":36}},{"start":{"line":72,"column":40},"end":{"line":72,"column":69}}],"line":72},"7":{"loc":{"start":{"line":75,"column":9},"end":{"line":75,"column":66}},"type":"binary-expr","locations":[{"start":{"line":75,"column":9},"end":{"line":75,"column":36}},{"start":{"line":75,"column":40},"end":{"line":75,"column":66}}],"line":75},"8":{"loc":{"start":{"line":109,"column":2},"end":{"line":111,"column":3}},"type":"if","locations":[{"start":{"line":109,"column":2},"end":{"line":111,"column":3}},{"start":{},"end":{}}],"line":109},"9":{"loc":{"start":{"line":113,"column":2},"end":{"line":115,"column":3}},"type":"if","locations":[{"start":{"line":113,"column":2},"end":{"line":115,"column":3}},{"start":{},"end":{}}],"line":113}},"s":{"0":7,"1":7,"2":7,"3":72,"4":72,"5":72,"6":72,"7":7,"8":76,"9":76,"10":7,"11":72,"12":72,"13":72,"14":72,"15":7,"16":14,"17":0,"18":14,"19":7,"20":21,"21":21,"22":0,"23":0,"24":0,"25":0,"26":0,"27":0,"28":0,"29":0,"30":0,"31":0,"32":0,"33":0,"34":0,"35":0,"36":21,"37":21,"38":0,"39":0,"40":0,"41":21,"42":7,"43":3,"44":3,"45":0,"46":0,"47":0},"f":{"0":72,"1":76,"2":72,"3":14,"4":21,"5":3},"b":{"0":[0],"1":[72,0],"2":[64,8],"3":[0,14],"4":[0,0,0,0,0,0,0,21,0,0],"5":[21,0],"6":[21,0],"7":[21,0],"8":[3,0],"9":[0,0]},"_coverageSchema":"1a1c01bbd47fc00a2c39e90264f33305004495a9","hash":"e364f7bff735b2556d3a07b3d9e70b4f7cfe3ac8"}
,"/home/runner/work/smite-ql-api/smite-ql-api/src/helpers/processors.js": {"path":"/home/runner/work/smite-ql-api/smite-ql-api/src/helpers/processors.js","statementMap":{"0":{"start":{"line":14,"column":51},"end":{"line":14,"column":60}},"1":{"start":{"line":15,"column":28},"end":{"line":15,"column":42}},"2":{"start":{"line":16,"column":68},"end":{"line":16,"column":81}},"3":{"start":{"line":25,"column":35},"end":{"line":57,"column":1}},"4":{"start":{"line":28,"column":24},"end":{"line":28,"column":65}},"5":{"start":{"line":29,"column":23},"end":{"line":29,"column":60}},"6":{"start":{"line":30,"column":30},"end":{"line":30,"column":70}},"7":{"start":{"line":31,"column":21},"end":{"line":31,"column":23}},"8":{"start":{"line":33,"column":2},"end":{"line":35,"column":3}},"9":{"start":{"line":34,"column":4},"end":{"line":34,"column":14}},"10":{"start":{"line":37,"column":2},"end":{"line":42,"column":3}},"11":{"start":{"line":41,"column":4},"end":{"line":41,"column":14}},"12":{"start":{"line":44,"column":2},"end":{"line":54,"column":3}},"13":{"start":{"line":45,"column":4},"end":{"line":51,"column":5}},"14":{"start":{"line":50,"column":6},"end":{"line":50,"column":12}},"15":{"start":{"line":53,"column":4},"end":{"line":53,"column":37}},"16":{"start":{"line":56,"column":2},"end":{"line":56,"column":20}},"17":{"start":{"line":65,"column":36},"end":{"line":76,"column":1}},"18":{"start":{"line":66,"column":18},"end":{"line":68,"column":3}},"19":{"start":{"line":70,"column":2},"end":{"line":73,"column":5}},"20":{"start":{"line":71,"column":16},"end":{"line":71,"column":39}},"21":{"start":{"line":72,"column":4},"end":{"line":72,"column":56}},"22":{"start":{"line":75,"column":2},"end":{"line":75,"column":17}},"23":{"start":{"line":83,"column":35},"end":{"line":133,"column":1}},"24":{"start":{"line":92,"column":18},"end":{"line":98,"column":3}},"25":{"start":{"line":100,"column":2},"end":{"line":108,"column":5}},"26":{"start":{"line":101,"column":16},"end":{"line":101,"column":39}},"27":{"start":{"line":102,"column":20},"end":{"line":102,"column":36}},"28":{"start":{"line":103,"column":18},"end":{"line":103,"column":74}},"29":{"start":{"line":106,"column":4},"end":{"line":106,"column":44}},"30":{"start":{"line":107,"column":4},"end":{"line":107,"column":34}},"31":{"start":{"line":110,"column":2},"end":{"line":124,"column":5}},"32":{"start":{"line":111,"column":16},"end":{"line":111,"column":39}},"33":{"start":{"line":112,"column":20},"end":{"line":112,"column":36}},"34":{"start":{"line":113,"column":16},"end":{"line":113,"column":40}},"35":{"start":{"line":114,"column":18},"end":{"line":114,"column":74}},"36":{"start":{"line":117,"column":4},"end":{"line":122,"column":6}},"37":{"start":{"line":123,"column":4},"end":{"line":123,"column":66}},"38":{"start":{"line":126,"column":2},"end":{"line":132,"column":4}},"39":{"start":{"line":128,"column":74},"end":{"line":128,"column":91}},"40":{"start":{"line":129,"column":71},"end":{"line":129,"column":87}},"41":{"start":{"line":140,"column":35},"end":{"line":160,"column":1}},"42":{"start":{"line":141,"column":24},"end":{"line":144,"column":3}},"43":{"start":{"line":145,"column":24},"end":{"line":148,"column":3}},"44":{"start":{"line":150,"column":2},"end":{"line":154,"column":5}},"45":{"start":{"line":151,"column":16},"end":{"line":151,"column":39}},"46":{"start":{"line":152,"column":4},"end":{"line":152,"column":49}},"47":{"start":{"line":153,"column":4},"end":{"line":153,"column":49}},"48":{"start":{"line":156,"column":2},"end":{"line":159,"column":4}},"49":{"start":{"line":171,"column":41},"end":{"line":244,"column":1}},"50":{"start":{"line":172,"column":21},"end":{"line":172,"column":33}},"51":{"start":{"line":173,"column":25},"end":{"line":173,"column":27}},"52":{"start":{"line":174,"column":32},"end":{"line":174,"column":39}},"53":{"start":{"line":175,"column":24},"end":{"line":190,"column":3}},"54":{"start":{"line":192,"column":2},"end":{"line":197,"column":3}},"55":{"start":{"line":195,"column":4},"end":{"line":195,"column":14}},"56":{"start":{"line":196,"column":4},"end":{"line":196,"column":16}},"57":{"start":{"line":199,"column":2},"end":{"line":204,"column":3}},"58":{"start":{"line":202,"column":4},"end":{"line":202,"column":35}},"59":{"start":{"line":203,"column":4},"end":{"line":203,"column":21}},"60":{"start":{"line":206,"column":2},"end":{"line":209,"column":3}},"61":{"start":{"line":207,"column":4},"end":{"line":207,"column":14}},"62":{"start":{"line":208,"column":4},"end":{"line":208,"column":13}},"63":{"start":{"line":211,"column":2},"end":{"line":241,"column":3}},"64":{"start":{"line":211,"column":24},"end":{"line":211,"column":29}},"65":{"start":{"line":212,"column":20},"end":{"line":212,"column":51}},"66":{"start":{"line":213,"column":22},"end":{"line":213,"column":50}},"67":{"start":{"line":215,"column":4},"end":{"line":219,"column":5}},"68":{"start":{"line":218,"column":6},"end":{"line":218,"column":12}},"69":{"start":{"line":221,"column":26},"end":{"line":221,"column":61}},"70":{"start":{"line":222,"column":22},"end":{"line":222,"column":58}},"71":{"start":{"line":224,"column":4},"end":{"line":231,"column":5}},"72":{"start":{"line":227,"column":6},"end":{"line":227,"column":50}},"73":{"start":{"line":228,"column":6},"end":{"line":228,"column":43}},"74":{"start":{"line":229,"column":6},"end":{"line":229,"column":60}},"75":{"start":{"line":230,"column":6},"end":{"line":230,"column":58}},"76":{"start":{"line":233,"column":4},"end":{"line":240,"column":5}},"77":{"start":{"line":236,"column":6},"end":{"line":236,"column":50}},"78":{"start":{"line":237,"column":6},"end":{"line":237,"column":43}},"79":{"start":{"line":238,"column":6},"end":{"line":238,"column":60}},"80":{"start":{"line":239,"column":6},"end":{"line":239,"column":58}},"81":{"start":{"line":243,"column":2},"end":{"line":243,"column":23}}},"fnMap":{"0":{"name":"(anonymous_0)","decl":{"start":{"line":25,"column":35},"end":{"line":25,"column":36}},"loc":{"start":{"line":25,"column":67},"end":{"line":57,"column":1}},"line":25},"1":{"name":"(anonymous_1)","decl":{"start":{"line":65,"column":36},"end":{"line":65,"column":37}},"loc":{"start":{"line":65,"column":71},"end":{"line":76,"column":1}},"line":65},"2":{"name":"(anonymous_2)","decl":{"start":{"line":70,"column":29},"end":{"line":70,"column":30}},"loc":{"start":{"line":70,"column":48},"end":{"line":73,"column":3}},"line":70},"3":{"name":"(anonymous_3)","decl":{"start":{"line":83,"column":35},"end":{"line":83,"column":36}},"loc":{"start":{"line":83,"column":53},"end":{"line":133,"column":1}},"line":83},"4":{"name":"(anonymous_4)","decl":{"start":{"line":100,"column":26},"end":{"line":100,"column":27}},"loc":{"start":{"line":100,"column":45},"end":{"line":108,"column":3}},"line":100},"5":{"name":"(anonymous_5)","decl":{"start":{"line":110,"column":26},"end":{"line":110,"column":27}},"loc":{"start":{"line":110,"column":45},"end":{"line":124,"column":3}},"line":110},"6":{"name":"(anonymous_6)","decl":{"start":{"line":128,"column":61},"end":{"line":128,"column":62}},"loc":{"start":{"line":128,"column":74},"end":{"line":128,"column":91}},"line":128},"7":{"name":"(anonymous_7)","decl":{"start":{"line":129,"column":59},"end":{"line":129,"column":60}},"loc":{"start":{"line":129,"column":71},"end":{"line":129,"column":87}},"line":129},"8":{"name":"(anonymous_8)","decl":{"start":{"line":140,"column":35},"end":{"line":140,"column":36}},"loc":{"start":{"line":140,"column":53},"end":{"line":160,"column":1}},"line":140},"9":{"name":"(anonymous_9)","decl":{"start":{"line":150,"column":26},"end":{"line":150,"column":27}},"loc":{"start":{"line":150,"column":45},"end":{"line":154,"column":3}},"line":150},"10":{"name":"(anonymous_10)","decl":{"start":{"line":171,"column":41},"end":{"line":171,"column":42}},"loc":{"start":{"line":171,"column":66},"end":{"line":244,"column":1}},"line":171}},"branchMap":{"0":{"loc":{"start":{"line":28,"column":24},"end":{"line":28,"column":65}},"type":"binary-expr","locations":[{"start":{"line":28,"column":24},"end":{"line":28,"column":59}},{"start":{"line":28,"column":63},"end":{"line":28,"column":65}}],"line":28},"1":{"loc":{"start":{"line":33,"column":2},"end":{"line":35,"column":3}},"type":"if","locations":[{"start":{"line":33,"column":2},"end":{"line":35,"column":3}},{"start":{},"end":{}}],"line":33},"2":{"loc":{"start":{"line":37,"column":2},"end":{"line":42,"column":3}},"type":"if","locations":[{"start":{"line":37,"column":2},"end":{"line":42,"column":3}},{"start":{},"end":{}}],"line":37},"3":{"loc":{"start":{"line":45,"column":4},"end":{"line":51,"column":5}},"type":"if","locations":[{"start":{"line":45,"column":4},"end":{"line":51,"column":5}},{"start":{},"end":{}}],"line":45},"4":{"loc":{"start":{"line":103,"column":18},"end":{"line":103,"column":74}},"type":"cond-expr","locations":[{"start":{"line":103,"column":54},"end":{"line":103,"column":63}},{"start":{"line":103,"column":66},"end":{"line":103,"column":74}}],"line":103},"5":{"loc":{"start":{"line":114,"column":18},"end":{"line":114,"column":74}},"type":"cond-expr","locations":[{"start":{"line":114,"column":54},"end":{"line":114,"column":63}},{"start":{"line":114,"column":66},"end":{"line":114,"column":74}}],"line":114},"6":{"loc":{"start":{"line":192,"column":2},"end":{"line":197,"column":3}},"type":"if","locations":[{"start":{"line":192,"column":2},"end":{"line":197,"column":3}},{"start":{},"end":{}}],"line":192},"7":{"loc":{"start":{"line":199,"column":2},"end":{"line":204,"column":3}},"type":"if","locations":[{"start":{"line":199,"column":2},"end":{"line":204,"column":3}},{"start":{},"end":{}}],"line":199},"8":{"loc":{"start":{"line":206,"column":2},"end":{"line":209,"column":3}},"type":"if","locations":[{"start":{"line":206,"column":2},"end":{"line":209,"column":3}},{"start":{},"end":{}}],"line":206},"9":{"loc":{"start":{"line":206,"column":6},"end":{"line":206,"column":35}},"type":"binary-expr","locations":[{"start":{"line":206,"column":6},"end":{"line":206,"column":12}},{"start":{"line":206,"column":16},"end":{"line":206,"column":35}}],"line":206},"10":{"loc":{"start":{"line":215,"column":4},"end":{"line":219,"column":5}},"type":"if","locations":[{"start":{"line":215,"column":4},"end":{"line":219,"column":5}},{"start":{},"end":{}}],"line":215},"11":{"loc":{"start":{"line":221,"column":26},"end":{"line":221,"column":61}},"type":"cond-expr","locations":[{"start":{"line":221,"column":48},"end":{"line":221,"column":52}},{"start":{"line":221,"column":55},"end":{"line":221,"column":61}}],"line":221},"12":{"loc":{"start":{"line":222,"column":22},"end":{"line":222,"column":58}},"type":"cond-expr","locations":[{"start":{"line":222,"column":43},"end":{"line":222,"column":49}},{"start":{"line":222,"column":52},"end":{"line":222,"column":58}}],"line":222},"13":{"loc":{"start":{"line":224,"column":4},"end":{"line":231,"column":5}},"type":"if","locations":[{"start":{"line":224,"column":4},"end":{"line":231,"column":5}},{"start":{},"end":{}}],"line":224},"14":{"loc":{"start":{"line":224,"column":8},"end":{"line":224,"column":58}},"type":"binary-expr","locations":[{"start":{"line":224,"column":8},"end":{"line":224,"column":11}},{"start":{"line":224,"column":15},"end":{"line":224,"column":58}}],"line":224},"15":{"loc":{"start":{"line":233,"column":4},"end":{"line":240,"column":5}},"type":"if","locations":[{"start":{"line":233,"column":4},"end":{"line":240,"column":5}},{"start":{},"end":{}}],"line":233}},"s":{"0":6,"1":6,"2":6,"3":6,"4":4,"5":4,"6":4,"7":4,"8":4,"9":0,"10":4,"11":1,"12":3,"13":2,"14":0,"15":2,"16":3,"17":6,"18":2,"19":2,"20":20,"21":20,"22":2,"23":6,"24":2,"25":2,"26":20,"27":20,"28":20,"29":20,"30":20,"31":2,"32":20,"33":20,"34":20,"35":20,"36":20,"37":20,"38":2,"39":6,"40":10,"41":6,"42":1,"43":1,"44":1,"45":10,"46":10,"47":10,"48":1,"49":6,"50":0,"51":0,"52":0,"53":0,"54":0,"55":0,"56":0,"57":0,"58":0,"59":0,"60":0,"61":0,"62":0,"63":0,"64":0,"65":0,"66":0,"67":0,"68":0,"69":0,"70":0,"71":0,"72":0,"73":0,"74":0,"75":0,"76":0,"77":0,"78":0,"79":0,"80":0,"81":0},"f":{"0":4,"1":2,"2":20,"3":2,"4":20,"5":20,"6":6,"7":10,"8":1,"9":10,"10":0},"b":{"0":[4,4],"1":[0,4],"2":[1,3],"3":[0,2],"4":[10,10],"5":[10,10],"6":[0,0],"7":[0,0],"8":[0,0],"9":[0,0],"10":[0,0],"11":[0,0],"12":[0,0],"13":[0,0],"14":[0,0],"15":[0,0]},"_coverageSchema":"1a1c01bbd47fc00a2c39e90264f33305004495a9","hash":"ba577aa9bd11b7ae7c32cee1525638417f9832f2"}
,"/home/runner/work/smite-ql-api/smite-ql-api/src/helpers/transformers.js": {"path":"/home/runner/work/smite-ql-api/smite-ql-api/src/helpers/transformers.js","statementMap":{"0":{"start":{"line":13,"column":28},"end":{"line":13,"column":37}},"1":{"start":{"line":14,"column":29},"end":{"line":14,"column":35}},"2":{"start":{"line":21,"column":22},"end":{"line":25,"column":1}},"3":{"start":{"line":22,"column":24},"end":{"line":22,"column":38}},"4":{"start":{"line":23,"column":18},"end":{"line":23,"column":64}},"5":{"start":{"line":24,"column":2},"end":{"line":24,"column":17}},"6":{"start":{"line":33,"column":30},"end":{"line":104,"column":1}},"7":{"start":{"line":34,"column":24},"end":{"line":38,"column":3}},"8":{"start":{"line":39,"column":22},"end":{"line":47,"column":3}},"9":{"start":{"line":49,"column":19},"end":{"line":49,"column":64}},"10":{"start":{"line":50,"column":14},"end":{"line":50,"column":45}},"11":{"start":{"line":52,"column":21},"end":{"line":101,"column":3}},"12":{"start":{"line":103,"column":2},"end":{"line":103,"column":20}}},"fnMap":{"0":{"name":"(anonymous_0)","decl":{"start":{"line":21,"column":22},"end":{"line":21,"column":23}},"loc":{"start":{"line":21,"column":32},"end":{"line":25,"column":1}},"line":21},"1":{"name":"(anonymous_1)","decl":{"start":{"line":33,"column":30},"end":{"line":33,"column":31}},"loc":{"start":{"line":33,"column":65},"end":{"line":104,"column":1}},"line":33}},"branchMap":{},"s":{"0":6,"1":6,"2":6,"3":22,"4":22,"5":22,"6":6,"7":21,"8":21,"9":21,"10":21,"11":21,"12":21},"f":{"0":22,"1":21},"b":{},"_coverageSchema":"1a1c01bbd47fc00a2c39e90264f33305004495a9","hash":"3c991789ae4e9e4b447da9d32180a2fe53b080ee"}
,"/home/runner/work/smite-ql-api/smite-ql-api/src/mocks/dataUsed.js": {"path":"/home/runner/work/smite-ql-api/smite-ql-api/src/mocks/dataUsed.js","statementMap":{"0":{"start":{"line":6,"column":28},"end":{"line":17,"column":1}}},"fnMap":{},"branchMap":{},"s":{"0":4},"f":{},"b":{},"_coverageSchema":"1a1c01bbd47fc00a2c39e90264f33305004495a9","hash":"7c19a882cdc0ebef910f8361bf0dcf4f3e6f45bf"}
,"/home/runner/work/smite-ql-api/smite-ql-api/src/mocks/gods.js": {"path":"/home/runner/work/smite-ql-api/smite-ql-api/src/mocks/gods.js","statementMap":{"0":{"start":{"line":4,"column":20},"end":{"line":8,"column":1}}},"fnMap":{},"branchMap":{},"s":{"0":4},"f":{},"b":{},"_coverageSchema":"1a1c01bbd47fc00a2c39e90264f33305004495a9","hash":"6a76cf1f93cf682bf7e92f13998e43ba280a2249"}
,"/home/runner/work/smite-ql-api/smite-ql-api/src/mocks/index.js": {"path":"/home/runner/work/smite-ql-api/smite-ql-api/src/mocks/index.js","statementMap":{},"fnMap":{},"branchMap":{},"s":{},"f":{},"b":{},"_coverageSchema":"1a1c01bbd47fc00a2c39e90264f33305004495a9","hash":"5a00aeabcc187dea7c9fb6c99c3ac757142d0a98"}
,"/home/runner/work/smite-ql-api/smite-ql-api/src/mocks/items.js": {"path":"/home/runner/work/smite-ql-api/smite-ql-api/src/mocks/items.js","statementMap":{"0":{"start":{"line":4,"column":21},"end":{"line":8,"column":1}}},"fnMap":{},"branchMap":{},"s":{"0":4},"f":{},"b":{},"_coverageSchema":"1a1c01bbd47fc00a2c39e90264f33305004495a9","hash":"e0c0df3036e9c617ef2a8bcece08c6b5f9e2192f"}
,"/home/runner/work/smite-ql-api/smite-ql-api/src/mocks/matchDetails.js": {"path":"/home/runner/work/smite-ql-api/smite-ql-api/src/mocks/matchDetails.js","statementMap":{"0":{"start":{"line":4,"column":34},"end":{"line":4,"column":49}},"1":{"start":{"line":12,"column":32},"end":{"line":17,"column":1}}},"fnMap":{},"branchMap":{},"s":{"0":4,"1":4},"f":{},"b":{},"_coverageSchema":"1a1c01bbd47fc00a2c39e90264f33305004495a9","hash":"866349ce31fa5944e231248fbdac0128c8b5cee3"}
,"/home/runner/work/smite-ql-api/smite-ql-api/src/mocks/matchHistory.js": {"path":"/home/runner/work/smite-ql-api/smite-ql-api/src/mocks/matchHistory.js","statementMap":{"0":{"start":{"line":4,"column":38},"end":{"line":4,"column":53}},"1":{"start":{"line":13,"column":32},"end":{"line":18,"column":1}}},"fnMap":{},"branchMap":{},"s":{"0":4,"1":4},"f":{},"b":{},"_coverageSchema":"1a1c01bbd47fc00a2c39e90264f33305004495a9","hash":"83469a5141e82de0e82e936ccd99b7a046ce7684"}
,"/home/runner/work/smite-ql-api/smite-ql-api/src/mocks/patchInfo.js": {"path":"/home/runner/work/smite-ql-api/smite-ql-api/src/mocks/patchInfo.js","statementMap":{"0":{"start":{"line":1,"column":29},"end":{"line":4,"column":1}}},"fnMap":{},"branchMap":{},"s":{"0":4},"f":{},"b":{},"_coverageSchema":"1a1c01bbd47fc00a2c39e90264f33305004495a9","hash":"e3c07da77ef71985fe71afaf7a59db32a7fa0196"}
,"/home/runner/work/smite-ql-api/smite-ql-api/src/mocks/player.js": {"path":"/home/runner/work/smite-ql-api/smite-ql-api/src/mocks/player.js","statementMap":{"0":{"start":{"line":5,"column":26},"end":{"line":155,"column":1}}},"fnMap":{},"branchMap":{},"s":{"0":4},"f":{},"b":{},"_coverageSchema":"1a1c01bbd47fc00a2c39e90264f33305004495a9","hash":"9b611a9092e9a2ad2decfd9a0bd1b8fa61c2d368"}
,"/home/runner/work/smite-ql-api/smite-ql-api/src/mocks/_gods/gods_0.js": {"path":"/home/runner/work/smite-ql-api/smite-ql-api/src/mocks/_gods/gods_0.js","statementMap":{"0":{"start":{"line":1,"column":22},"end":{"line":274,"column":1}}},"fnMap":{},"branchMap":{},"s":{"0":4},"f":{},"b":{},"_coverageSchema":"1a1c01bbd47fc00a2c39e90264f33305004495a9","hash":"ff81ac017aa370072d3913ab9e6f4d92aefbd76e"}
,"/home/runner/work/smite-ql-api/smite-ql-api/src/mocks/_gods/gods_1_10.js": {"path":"/home/runner/work/smite-ql-api/smite-ql-api/src/mocks/_gods/gods_1_10.js","statementMap":{"0":{"start":{"line":1,"column":25},"end":{"line":5451,"column":1}}},"fnMap":{},"branchMap":{},"s":{"0":4},"f":{},"b":{},"_coverageSchema":"1a1c01bbd47fc00a2c39e90264f33305004495a9","hash":"3ca15e2c50de6e2d31837cc8c45fced60d2e83aa"}
,"/home/runner/work/smite-ql-api/smite-ql-api/src/mocks/_items/items_0.js": {"path":"/home/runner/work/smite-ql-api/smite-ql-api/src/mocks/_items/items_0.js","statementMap":{"0":{"start":{"line":1,"column":23},"end":{"line":28,"column":1}}},"fnMap":{},"branchMap":{},"s":{"0":4},"f":{},"b":{},"_coverageSchema":"1a1c01bbd47fc00a2c39e90264f33305004495a9","hash":"2497a4b79efe8095819c38db627e934fe0c0df0e"}
,"/home/runner/work/smite-ql-api/smite-ql-api/src/mocks/_items/items_1_5.js": {"path":"/home/runner/work/smite-ql-api/smite-ql-api/src/mocks/_items/items_1_5.js","statementMap":{"0":{"start":{"line":1,"column":25},"end":{"line":105,"column":1}}},"fnMap":{},"branchMap":{},"s":{"0":4},"f":{},"b":{},"_coverageSchema":"1a1c01bbd47fc00a2c39e90264f33305004495a9","hash":"ccbec9b772cdf50c40df18eac03e3aec96642c11"}
,"/home/runner/work/smite-ql-api/smite-ql-api/src/mocks/_matchDetails/match_details_0.js": {"path":"/home/runner/work/smite-ql-api/smite-ql-api/src/mocks/_matchDetails/match_details_0.js","statementMap":{"0":{"start":{"line":1,"column":31},"end":{"line":138,"column":1}}},"fnMap":{},"branchMap":{},"s":{"0":4},"f":{},"b":{},"_coverageSchema":"1a1c01bbd47fc00a2c39e90264f33305004495a9","hash":"810e93fbb6314a5676b85393426157ccc5aef6e1"}
,"/home/runner/work/smite-ql-api/smite-ql-api/src/mocks/_matchDetails/match_details_1_10.js": {"path":"/home/runner/work/smite-ql-api/smite-ql-api/src/mocks/_matchDetails/match_details_1_10.js","statementMap":{"0":{"start":{"line":1,"column":34},"end":{"line":1226,"column":1}}},"fnMap":{},"branchMap":{},"s":{"0":4},"f":{},"b":{},"_coverageSchema":"1a1c01bbd47fc00a2c39e90264f33305004495a9","hash":"6f9407615bd318bcddcd47eca1b54d48144bcd48"}
,"/home/runner/work/smite-ql-api/smite-ql-api/src/mocks/_matchHistory/match_history_0.js": {"path":"/home/runner/work/smite-ql-api/smite-ql-api/src/mocks/_matchHistory/match_history_0.js","statementMap":{"0":{"start":{"line":10,"column":31},"end":{"line":99,"column":1}}},"fnMap":{},"branchMap":{},"s":{"0":4},"f":{},"b":{},"_coverageSchema":"1a1c01bbd47fc00a2c39e90264f33305004495a9","hash":"ad1d42d56aa987daf2cf0451d4597f696960b656"}
,"/home/runner/work/smite-ql-api/smite-ql-api/src/mocks/_matchHistory/match_history_1_10.js": {"path":"/home/runner/work/smite-ql-api/smite-ql-api/src/mocks/_matchHistory/match_history_1_10.js","statementMap":{"0":{"start":{"line":1,"column":34},"end":{"line":794,"column":1}}},"fnMap":{},"branchMap":{},"s":{"0":4},"f":{},"b":{},"_coverageSchema":"1a1c01bbd47fc00a2c39e90264f33305004495a9","hash":"028c98b62b7383597788f235c6eaad66cfc6ddd3"}
}
