{"total": {"lines":{"total":393,"covered":267,"skipped":0,"pct":67.93},"statements":{"total":394,"covered":267,"skipped":0,"pct":67.76},"functions":{"total":91,"covered":52,"skipped":0,"pct":57.14},"branches":{"total":102,"covered":47,"skipped":0,"pct":46.07},"branchesTrue":{"total":0,"covered":0,"skipped":0,"pct":100}}
,"/home/runner/work/smite-ql-api/smite-ql-api/src/clients/Redis.js": {"lines":{"total":10,"covered":10,"skipped":0,"pct":100},"functions":{"total":2,"covered":2,"skipped":0,"pct":100},"statements":{"total":10,"covered":10,"skipped":0,"pct":100},"branches":{"total":0,"covered":0,"skipped":0,"pct":100}}
,"/home/runner/work/smite-ql-api/smite-ql-api/src/clients/SmiteApi.js": {"lines":{"total":102,"covered":65,"skipped":0,"pct":63.72},"functions":{"total":45,"covered":17,"skipped":0,"pct":37.77},"statements":{"total":102,"covered":65,"skipped":0,"pct":63.72},"branches":{"total":19,"covered":17,"skipped":0,"pct":89.47}}
,"/home/runner/work/smite-ql-api/smite-ql-api/src/clients/SmiteQL.js": {"lines":{"total":63,"covered":27,"skipped":0,"pct":42.85},"functions":{"total":7,"covered":4,"skipped":0,"pct":57.14},"statements":{"total":63,"covered":27,"skipped":0,"pct":42.85},"branches":{"total":26,"covered":4,"skipped":0,"pct":15.38}}
,"/home/runner/work/smite-ql-api/smite-ql-api/src/clients/SmiteRedis.js": {"lines":{"total":90,"covered":72,"skipped":0,"pct":80},"functions":{"total":21,"covered":16,"skipped":0,"pct":76.19},"statements":{"total":90,"covered":72,"skipped":0,"pct":80},"branches":{"total":23,"covered":11,"skipped":0,"pct":47.82}}
,"/home/runner/work/smite-ql-api/smite-ql-api/src/constants/constants.js": {"lines":{"total":13,"covered":13,"skipped":0,"pct":100},"functions":{"total":0,"covered":0,"skipped":0,"pct":100},"statements":{"total":13,"covered":13,"skipped":0,"pct":100},"branches":{"total":8,"covered":5,"skipped":0,"pct":62.5}}
,"/home/runner/work/smite-ql-api/smite-ql-api/src/constants/index.js": {"lines":{"total":0,"covered":0,"skipped":0,"pct":100},"functions":{"total":0,"covered":0,"skipped":0,"pct":100},"statements":{"total":0,"covered":0,"skipped":0,"pct":100},"branches":{"total":0,"covered":0,"skipped":0,"pct":100}}
,"/home/runner/work/smite-ql-api/smite-ql-api/src/helpers/index.js": {"lines":{"total":0,"covered":0,"skipped":0,"pct":100},"functions":{"total":0,"covered":0,"skipped":0,"pct":100},"statements":{"total":0,"covered":0,"skipped":0,"pct":100},"branches":{"total":0,"covered":0,"skipped":0,"pct":100}}
,"/home/runner/work/smite-ql-api/smite-ql-api/src/helpers/parsers.js": {"lines":{"total":14,"covered":13,"skipped":0,"pct":92.85},"functions":{"total":3,"covered":3,"skipped":0,"pct":100},"statements":{"total":14,"covered":13,"skipped":0,"pct":92.85},"branches":{"total":4,"covered":3,"skipped":0,"pct":75}}
,"/home/runner/work/smite-ql-api/smite-ql-api/src/helpers/processors.js": {"lines":{"total":73,"covered":39,"skipped":0,"pct":53.42},"functions":{"total":11,"covered":8,"skipped":0,"pct":72.72},"statements":{"total":74,"covered":39,"skipped":0,"pct":52.7},"branches":{"total":22,"covered":7,"skipped":0,"pct":31.81}}
,"/home/runner/work/smite-ql-api/smite-ql-api/src/helpers/transformers.js": {"lines":{"total":11,"covered":11,"skipped":0,"pct":100},"functions":{"total":2,"covered":2,"skipped":0,"pct":100},"statements":{"total":11,"covered":11,"skipped":0,"pct":100},"branches":{"total":0,"covered":0,"skipped":0,"pct":100}}
,"/home/runner/work/smite-ql-api/smite-ql-api/src/mocks/dataUsed.js": {"lines":{"total":1,"covered":1,"skipped":0,"pct":100},"functions":{"total":0,"covered":0,"skipped":0,"pct":100},"statements":{"total":1,"covered":1,"skipped":0,"pct":100},"branches":{"total":0,"covered":0,"skipped":0,"pct":100}}
,"/home/runner/work/smite-ql-api/smite-ql-api/src/mocks/gods.js": {"lines":{"total":1,"covered":1,"skipped":0,"pct":100},"functions":{"total":0,"covered":0,"skipped":0,"pct":100},"statements":{"total":1,"covered":1,"skipped":0,"pct":100},"branches":{"total":0,"covered":0,"skipped":0,"pct":100}}
,"/home/runner/work/smite-ql-api/smite-ql-api/src/mocks/index.js": {"lines":{"total":0,"covered":0,"skipped":0,"pct":100},"functions":{"total":0,"covered":0,"skipped":0,"pct":100},"statements":{"total":0,"covered":0,"skipped":0,"pct":100},"branches":{"total":0,"covered":0,"skipped":0,"pct":100}}
,"/home/runner/work/smite-ql-api/smite-ql-api/src/mocks/items.js": {"lines":{"total":1,"covered":1,"skipped":0,"pct":100},"functions":{"total":0,"covered":0,"skipped":0,"pct":100},"statements":{"total":1,"covered":1,"skipped":0,"pct":100},"branches":{"total":0,"covered":0,"skipped":0,"pct":100}}
,"/home/runner/work/smite-ql-api/smite-ql-api/src/mocks/matchDetails.js": {"lines":{"total":2,"covered":2,"skipped":0,"pct":100},"functions":{"total":0,"covered":0,"skipped":0,"pct":100},"statements":{"total":2,"covered":2,"skipped":0,"pct":100},"branches":{"total":0,"covered":0,"skipped":0,"pct":100}}
,"/home/runner/work/smite-ql-api/smite-ql-api/src/mocks/matchHistory.js": {"lines":{"total":2,"covered":2,"skipped":0,"pct":100},"functions":{"total":0,"covered":0,"skipped":0,"pct":100},"statements":{"total":2,"covered":2,"skipped":0,"pct":100},"branches":{"total":0,"covered":0,"skipped":0,"pct":100}}
,"/home/runner/work/smite-ql-api/smite-ql-api/src/mocks/patchInfo.js": {"lines":{"total":1,"covered":1,"skipped":0,"pct":100},"functions":{"total":0,"covered":0,"skipped":0,"pct":100},"statements":{"total":1,"covered":1,"skipped":0,"pct":100},"branches":{"total":0,"covered":0,"skipped":0,"pct":100}}
,"/home/runner/work/smite-ql-api/smite-ql-api/src/mocks/player.js": {"lines":{"total":1,"covered":1,"skipped":0,"pct":100},"functions":{"total":0,"covered":0,"skipped":0,"pct":100},"statements":{"total":1,"covered":1,"skipped":0,"pct":100},"branches":{"total":0,"covered":0,"skipped":0,"pct":100}}
,"/home/runner/work/smite-ql-api/smite-ql-api/src/mocks/_gods/gods_0.js": {"lines":{"total":1,"covered":1,"skipped":0,"pct":100},"functions":{"total":0,"covered":0,"skipped":0,"pct":100},"statements":{"total":1,"covered":1,"skipped":0,"pct":100},"branches":{"total":0,"covered":0,"skipped":0,"pct":100}}
,"/home/runner/work/smite-ql-api/smite-ql-api/src/mocks/_gods/gods_1_10.js": {"lines":{"total":1,"covered":1,"skipped":0,"pct":100},"functions":{"total":0,"covered":0,"skipped":0,"pct":100},"statements":{"total":1,"covered":1,"skipped":0,"pct":100},"branches":{"total":0,"covered":0,"skipped":0,"pct":100}}
,"/home/runner/work/smite-ql-api/smite-ql-api/src/mocks/_items/items_0.js": {"lines":{"total":1,"covered":1,"skipped":0,"pct":100},"functions":{"total":0,"covered":0,"skipped":0,"pct":100},"statements":{"total":1,"covered":1,"skipped":0,"pct":100},"branches":{"total":0,"covered":0,"skipped":0,"pct":100}}
,"/home/runner/work/smite-ql-api/smite-ql-api/src/mocks/_items/items_1_5.js": {"lines":{"total":1,"covered":1,"skipped":0,"pct":100},"functions":{"total":0,"covered":0,"skipped":0,"pct":100},"statements":{"total":1,"covered":1,"skipped":0,"pct":100},"branches":{"total":0,"covered":0,"skipped":0,"pct":100}}
,"/home/runner/work/smite-ql-api/smite-ql-api/src/mocks/_matchDetails/match_details_0.js": {"lines":{"total":1,"covered":1,"skipped":0,"pct":100},"functions":{"total":0,"covered":0,"skipped":0,"pct":100},"statements":{"total":1,"covered":1,"skipped":0,"pct":100},"branches":{"total":0,"covered":0,"skipped":0,"pct":100}}
,"/home/runner/work/smite-ql-api/smite-ql-api/src/mocks/_matchDetails/match_details_1_10.js": {"lines":{"total":1,"covered":1,"skipped":0,"pct":100},"functions":{"total":0,"covered":0,"skipped":0,"pct":100},"statements":{"total":1,"covered":1,"skipped":0,"pct":100},"branches":{"total":0,"covered":0,"skipped":0,"pct":100}}
,"/home/runner/work/smite-ql-api/smite-ql-api/src/mocks/_matchHistory/match_history_0.js": {"lines":{"total":1,"covered":1,"skipped":0,"pct":100},"functions":{"total":0,"covered":0,"skipped":0,"pct":100},"statements":{"total":1,"covered":1,"skipped":0,"pct":100},"branches":{"total":0,"covered":0,"skipped":0,"pct":100}}
,"/home/runner/work/smite-ql-api/smite-ql-api/src/mocks/_matchHistory/match_history_1_10.js": {"lines":{"total":1,"covered":1,"skipped":0,"pct":100},"functions":{"total":0,"covered":0,"skipped":0,"pct":100},"statements":{"total":1,"covered":1,"skipped":0,"pct":100},"branches":{"total":0,"covered":0,"skipped":0,"pct":100}}
}
